[2017-03-27T19:51:32,313][INFO ][o.e.n.Node               ] [] initializing ...
[2017-03-27T19:51:40,278][INFO ][o.e.e.NodeEnvironment    ] [-f2T_Zf] using [1] data paths, mounts [[/ (/dev/sda4)]], net usable_space [20.1gb], net total_space [52.3gb], spins? [possibly], types [ext4]
[2017-03-27T19:51:40,279][INFO ][o.e.e.NodeEnvironment    ] [-f2T_Zf] heap size [1.9gb], compressed ordinary object pointers [true]
[2017-03-27T19:51:42,837][INFO ][o.e.n.Node               ] node name [-f2T_Zf] derived from node ID [-f2T_ZfAQKSm8iOo5kl_jQ]; set [node.name] to override
[2017-03-27T19:51:43,163][INFO ][o.e.n.Node               ] version[5.2.2], pid[6592], build[f9d9b74/2017-02-24T17:26:45.835Z], OS[Linux/4.4.0-66-generic/amd64], JVM[Oracle Corporation/OpenJDK 64-Bit Server VM/1.8.0_121/25.121-b13]
[2017-03-27T19:52:21,457][INFO ][o.e.p.PluginsService     ] [-f2T_Zf] loaded module [aggs-matrix-stats]
[2017-03-27T19:52:21,457][INFO ][o.e.p.PluginsService     ] [-f2T_Zf] loaded module [ingest-common]
[2017-03-27T19:52:21,457][INFO ][o.e.p.PluginsService     ] [-f2T_Zf] loaded module [lang-expression]
[2017-03-27T19:52:21,457][INFO ][o.e.p.PluginsService     ] [-f2T_Zf] loaded module [lang-groovy]
[2017-03-27T19:52:21,457][INFO ][o.e.p.PluginsService     ] [-f2T_Zf] loaded module [lang-mustache]
[2017-03-27T19:52:21,457][INFO ][o.e.p.PluginsService     ] [-f2T_Zf] loaded module [lang-painless]
[2017-03-27T19:52:21,457][INFO ][o.e.p.PluginsService     ] [-f2T_Zf] loaded module [percolator]
[2017-03-27T19:52:21,458][INFO ][o.e.p.PluginsService     ] [-f2T_Zf] loaded module [reindex]
[2017-03-27T19:52:21,458][INFO ][o.e.p.PluginsService     ] [-f2T_Zf] loaded module [transport-netty3]
[2017-03-27T19:52:21,458][INFO ][o.e.p.PluginsService     ] [-f2T_Zf] loaded module [transport-netty4]
[2017-03-27T19:52:21,459][INFO ][o.e.p.PluginsService     ] [-f2T_Zf] no plugins loaded
[2017-03-27T19:52:42,652][INFO ][o.e.n.Node               ] initialized
[2017-03-27T19:52:42,652][INFO ][o.e.n.Node               ] [-f2T_Zf] starting ...
[2017-03-27T19:52:48,049][INFO ][o.e.t.TransportService   ] [-f2T_Zf] publish_address {127.0.0.1:9300}, bound_addresses {[::1]:9300}, {127.0.0.1:9300}
[2017-03-27T19:52:48,118][WARN ][o.e.b.BootstrapChecks    ] [-f2T_Zf] max virtual memory areas vm.max_map_count [65530] is too low, increase to at least [262144]
[2017-03-27T19:52:50,186][WARN ][o.e.m.j.JvmGcMonitorService] [-f2T_Zf] [gc][young][5][2] duration [1.5s], collections [1]/[2.2s], total [1.5s]/[2.3s], memory [264.5mb]->[56.8mb]/[1.9gb], all_pools {[young] [246.4mb]->[15.9mb]/[266.2mb]}{[survivor] [18mb]->[33.2mb]/[33.2mb]}{[old] [0b]->[8.5mb]/[1.6gb]}
[2017-03-27T19:52:50,187][WARN ][o.e.m.j.JvmGcMonitorService] [-f2T_Zf] [gc][5] overhead, spent [1.5s] collecting in the last [2.2s]
[2017-03-27T19:52:51,623][INFO ][o.e.c.s.ClusterService   ] [-f2T_Zf] new_master {-f2T_Zf}{-f2T_ZfAQKSm8iOo5kl_jQ}{fB-fjqd8RQOUFCdmOFF7SQ}{127.0.0.1}{127.0.0.1:9300}, reason: zen-disco-elected-as-master ([0] nodes joined)
[2017-03-27T19:52:51,989][INFO ][o.e.h.HttpServer         ] [-f2T_Zf] publish_address {127.0.0.1:9200}, bound_addresses {[::1]:9200}, {127.0.0.1:9200}
[2017-03-27T19:52:51,990][INFO ][o.e.n.Node               ] [-f2T_Zf] started
[2017-03-27T19:52:54,254][INFO ][o.e.g.GatewayService     ] [-f2T_Zf] recovered [8] indices into cluster_state
[2017-03-27T19:53:14,120][INFO ][o.e.c.r.a.AllocationService] [-f2T_Zf] Cluster health status changed from [RED] to [YELLOW] (reason: [shards started [[.kibana][0]] ...]).
[2017-03-27T20:18:45,023][WARN ][o.e.m.j.JvmGcMonitorService] [-f2T_Zf] [gc][young][1551][3] duration [8.4s], collections [1]/[9s], total [8.4s]/[10.8s], memory [293mb]->[102.9mb]/[1.9gb], all_pools {[young] [251.3mb]->[18.3mb]/[266.2mb]}{[survivor] [33.2mb]->[33.2mb]/[33.2mb]}{[old] [8.4mb]->[51.3mb]/[1.6gb]}
[2017-03-27T20:18:45,078][WARN ][o.e.m.j.JvmGcMonitorService] [-f2T_Zf] [gc][1551] overhead, spent [8.4s] collecting in the last [9s]
[2017-03-27T20:24:25,247][INFO ][o.e.n.Node               ] [-f2T_Zf] stopping ...
[2017-03-27T20:24:25,519][INFO ][o.e.n.Node               ] [-f2T_Zf] stopped
[2017-03-27T20:24:25,520][INFO ][o.e.n.Node               ] [-f2T_Zf] closing ...
[2017-03-27T20:24:25,563][INFO ][o.e.n.Node               ] [-f2T_Zf] closed
