[2017-03-14T21:23:31,167][INFO ][o.e.n.Node               ] [] initializing ...
[2017-03-14T21:23:32,831][INFO ][o.e.e.NodeEnvironment    ] [-f2T_Zf] using [1] data paths, mounts [[/ (/dev/sda4)]], net usable_space [20.2gb], net total_space [52.3gb], spins? [possibly], types [ext4]
[2017-03-14T21:23:32,831][INFO ][o.e.e.NodeEnvironment    ] [-f2T_Zf] heap size [1.9gb], compressed ordinary object pointers [true]
[2017-03-14T21:23:32,832][INFO ][o.e.n.Node               ] node name [-f2T_Zf] derived from node ID [-f2T_ZfAQKSm8iOo5kl_jQ]; set [node.name] to override
[2017-03-14T21:23:32,971][INFO ][o.e.n.Node               ] version[5.2.2], pid[8680], build[f9d9b74/2017-02-24T17:26:45.835Z], OS[Linux/4.4.0-66-generic/amd64], JVM[Oracle Corporation/OpenJDK 64-Bit Server VM/1.8.0_121/25.121-b13]
[2017-03-14T21:23:37,087][INFO ][o.e.p.PluginsService     ] [-f2T_Zf] loaded module [aggs-matrix-stats]
[2017-03-14T21:23:37,088][INFO ][o.e.p.PluginsService     ] [-f2T_Zf] loaded module [ingest-common]
[2017-03-14T21:23:37,088][INFO ][o.e.p.PluginsService     ] [-f2T_Zf] loaded module [lang-expression]
[2017-03-14T21:23:37,088][INFO ][o.e.p.PluginsService     ] [-f2T_Zf] loaded module [lang-groovy]
[2017-03-14T21:23:37,088][INFO ][o.e.p.PluginsService     ] [-f2T_Zf] loaded module [lang-mustache]
[2017-03-14T21:23:37,088][INFO ][o.e.p.PluginsService     ] [-f2T_Zf] loaded module [lang-painless]
[2017-03-14T21:23:37,088][INFO ][o.e.p.PluginsService     ] [-f2T_Zf] loaded module [percolator]
[2017-03-14T21:23:37,088][INFO ][o.e.p.PluginsService     ] [-f2T_Zf] loaded module [reindex]
[2017-03-14T21:23:37,089][INFO ][o.e.p.PluginsService     ] [-f2T_Zf] loaded module [transport-netty3]
[2017-03-14T21:23:37,089][INFO ][o.e.p.PluginsService     ] [-f2T_Zf] loaded module [transport-netty4]
[2017-03-14T21:23:37,090][INFO ][o.e.p.PluginsService     ] [-f2T_Zf] no plugins loaded
[2017-03-14T21:23:44,345][INFO ][o.e.n.Node               ] initialized
[2017-03-14T21:23:44,346][INFO ][o.e.n.Node               ] [-f2T_Zf] starting ...
[2017-03-14T21:23:45,679][INFO ][o.e.t.TransportService   ] [-f2T_Zf] publish_address {127.0.0.1:9300}, bound_addresses {[::1]:9300}, {127.0.0.1:9300}
[2017-03-14T21:23:45,685][WARN ][o.e.b.BootstrapChecks    ] [-f2T_Zf] max virtual memory areas vm.max_map_count [65530] is too low, increase to at least [262144]
[2017-03-14T21:23:46,349][INFO ][o.e.m.j.JvmGcMonitorService] [-f2T_Zf] [gc][2] overhead, spent [335ms] collecting in the last [1s]
[2017-03-14T21:23:48,887][INFO ][o.e.c.s.ClusterService   ] [-f2T_Zf] new_master {-f2T_Zf}{-f2T_ZfAQKSm8iOo5kl_jQ}{rrfN8fGHT-GlMi2o7M-nJA}{127.0.0.1}{127.0.0.1:9300}, reason: zen-disco-elected-as-master ([0] nodes joined)
[2017-03-14T21:23:49,244][INFO ][o.e.h.HttpServer         ] [-f2T_Zf] publish_address {127.0.0.1:9200}, bound_addresses {[::1]:9200}, {127.0.0.1:9200}
[2017-03-14T21:23:49,245][INFO ][o.e.n.Node               ] [-f2T_Zf] started
[2017-03-14T21:23:49,628][INFO ][o.e.g.GatewayService     ] [-f2T_Zf] recovered [0] indices into cluster_state
[2017-03-14T22:17:44,905][INFO ][o.e.c.m.MetaDataCreateIndexService] [-f2T_Zf] [customer] creating index, cause [api], templates [], shards [5]/[1], mappings []
[2017-03-14T22:22:07,837][INFO ][o.e.c.m.MetaDataMappingService] [-f2T_Zf] [customer/DylhuSFDRza4AAMhF1cSmw] create_mapping [external]
[2017-03-14T22:36:02,552][INFO ][o.e.c.m.MetaDataCreateIndexService] [-f2T_Zf] [.kibana] creating index, cause [api], templates [], shards [1]/[1], mappings [server, config]
[2017-03-14T22:37:19,149][INFO ][o.e.c.m.MetaDataMappingService] [-f2T_Zf] [.kibana/VYh6R-7FRQW9ghgltBu0-Q] create_mapping [index-pattern]
[2017-03-14T22:37:35,069][INFO ][o.e.c.m.MetaDataMappingService] [-f2T_Zf] [.kibana/VYh6R-7FRQW9ghgltBu0-Q] create_mapping [timelion-sheet]
[2017-03-14T22:37:51,812][WARN ][o.e.m.j.JvmGcMonitorService] [-f2T_Zf] [gc][young][4427][3] duration [15.1s], collections [1]/[15.2s], total [15.1s]/[15.5s], memory [303.4mb]->[166.7mb]/[1.9gb], all_pools {[young] [263.5mb]->[3.1mb]/[266.2mb]}{[survivor] [31.5mb]->[33.2mb]/[33.2mb]}{[old] [8.3mb]->[130.3mb]/[1.6gb]}
[2017-03-14T22:37:51,813][WARN ][o.e.m.j.JvmGcMonitorService] [-f2T_Zf] [gc][4427] overhead, spent [15.1s] collecting in the last [15.2s]
[2017-03-14T22:39:24,709][INFO ][o.e.c.m.MetaDataDeleteIndexService] [-f2T_Zf] [customer/DylhuSFDRza4AAMhF1cSmw] deleting index
[2017-03-14T23:28:10,677][INFO ][o.e.n.Node               ] [-f2T_Zf] stopping ...
[2017-03-14T23:28:11,778][INFO ][o.e.n.Node               ] [-f2T_Zf] stopped
[2017-03-14T23:28:11,779][INFO ][o.e.n.Node               ] [-f2T_Zf] closing ...
[2017-03-14T23:28:12,004][INFO ][o.e.n.Node               ] [-f2T_Zf] closed
