[2017-03-23T21:00:28,457][INFO ][o.e.n.Node               ] [] initializing ...
[2017-03-23T21:00:31,498][INFO ][o.e.e.NodeEnvironment    ] [-f2T_Zf] using [1] data paths, mounts [[/ (/dev/sda4)]], net usable_space [20.2gb], net total_space [52.3gb], spins? [possibly], types [ext4]
[2017-03-23T21:00:31,499][INFO ][o.e.e.NodeEnvironment    ] [-f2T_Zf] heap size [1.9gb], compressed ordinary object pointers [true]
[2017-03-23T21:00:32,768][INFO ][o.e.n.Node               ] node name [-f2T_Zf] derived from node ID [-f2T_ZfAQKSm8iOo5kl_jQ]; set [node.name] to override
[2017-03-23T21:00:32,824][INFO ][o.e.n.Node               ] version[5.2.2], pid[3929], build[f9d9b74/2017-02-24T17:26:45.835Z], OS[Linux/4.4.0-66-generic/amd64], JVM[Oracle Corporation/OpenJDK 64-Bit Server VM/1.8.0_121/25.121-b13]
[2017-03-23T21:00:36,136][INFO ][o.e.p.PluginsService     ] [-f2T_Zf] loaded module [aggs-matrix-stats]
[2017-03-23T21:00:36,136][INFO ][o.e.p.PluginsService     ] [-f2T_Zf] loaded module [ingest-common]
[2017-03-23T21:00:36,136][INFO ][o.e.p.PluginsService     ] [-f2T_Zf] loaded module [lang-expression]
[2017-03-23T21:00:36,136][INFO ][o.e.p.PluginsService     ] [-f2T_Zf] loaded module [lang-groovy]
[2017-03-23T21:00:36,136][INFO ][o.e.p.PluginsService     ] [-f2T_Zf] loaded module [lang-mustache]
[2017-03-23T21:00:36,137][INFO ][o.e.p.PluginsService     ] [-f2T_Zf] loaded module [lang-painless]
[2017-03-23T21:00:36,137][INFO ][o.e.p.PluginsService     ] [-f2T_Zf] loaded module [percolator]
[2017-03-23T21:00:36,137][INFO ][o.e.p.PluginsService     ] [-f2T_Zf] loaded module [reindex]
[2017-03-23T21:00:36,137][INFO ][o.e.p.PluginsService     ] [-f2T_Zf] loaded module [transport-netty3]
[2017-03-23T21:00:36,137][INFO ][o.e.p.PluginsService     ] [-f2T_Zf] loaded module [transport-netty4]
[2017-03-23T21:00:36,138][INFO ][o.e.p.PluginsService     ] [-f2T_Zf] no plugins loaded
[2017-03-23T21:01:12,094][INFO ][o.e.n.Node               ] initialized
[2017-03-23T21:01:12,094][INFO ][o.e.n.Node               ] [-f2T_Zf] starting ...
[2017-03-23T21:01:16,548][INFO ][o.e.t.TransportService   ] [-f2T_Zf] publish_address {127.0.0.1:9300}, bound_addresses {[::1]:9300}, {127.0.0.1:9300}
[2017-03-23T21:01:16,564][WARN ][o.e.b.BootstrapChecks    ] [-f2T_Zf] max virtual memory areas vm.max_map_count [65530] is too low, increase to at least [262144]
[2017-03-23T21:01:19,832][INFO ][o.e.c.s.ClusterService   ] [-f2T_Zf] new_master {-f2T_Zf}{-f2T_ZfAQKSm8iOo5kl_jQ}{QI6WC3WDR4G50AOeK_H89w}{127.0.0.1}{127.0.0.1:9300}, reason: zen-disco-elected-as-master ([0] nodes joined)
[2017-03-23T21:01:20,028][INFO ][o.e.h.HttpServer         ] [-f2T_Zf] publish_address {127.0.0.1:9200}, bound_addresses {[::1]:9200}, {127.0.0.1:9200}
[2017-03-23T21:01:20,028][INFO ][o.e.n.Node               ] [-f2T_Zf] started
[2017-03-23T21:01:21,552][INFO ][o.e.g.GatewayService     ] [-f2T_Zf] recovered [7] indices into cluster_state
[2017-03-23T21:01:24,355][INFO ][o.e.c.r.a.AllocationService] [-f2T_Zf] Cluster health status changed from [RED] to [YELLOW] (reason: [shards started [[.kibana][0], [customer][1], [customer][2], [customer][0]] ...]).
[2017-03-23T21:31:54,522][INFO ][o.e.c.m.MetaDataCreateIndexService] [-f2T_Zf] [my_store] creating index, cause [auto(bulk api)], templates [], shards [5]/[1], mappings []
[2017-03-23T21:31:55,084][DEBUG][o.e.a.b.TransportShardBulkAction] [-f2T_Zf] [my_store][2] failed to execute bulk item (index) index {[my_store][products][2], source[{"price":20 "productID":"A"}]}
org.elasticsearch.index.mapper.MapperParsingException: failed to parse
	at org.elasticsearch.index.mapper.DocumentParser.wrapInMapperParsingException(DocumentParser.java:175) ~[elasticsearch-5.2.2.jar:5.2.2]
	at org.elasticsearch.index.mapper.DocumentParser.parseDocument(DocumentParser.java:69) ~[elasticsearch-5.2.2.jar:5.2.2]
	at org.elasticsearch.index.mapper.DocumentMapper.parse(DocumentMapper.java:275) ~[elasticsearch-5.2.2.jar:5.2.2]
	at org.elasticsearch.index.shard.IndexShard.prepareIndex(IndexShard.java:533) ~[elasticsearch-5.2.2.jar:5.2.2]
	at org.elasticsearch.index.shard.IndexShard.prepareIndexOnPrimary(IndexShard.java:510) ~[elasticsearch-5.2.2.jar:5.2.2]
	at org.elasticsearch.action.index.TransportIndexAction.prepareIndexOperationOnPrimary(TransportIndexAction.java:196) ~[elasticsearch-5.2.2.jar:5.2.2]
	at org.elasticsearch.action.index.TransportIndexAction.executeIndexRequestOnPrimary(TransportIndexAction.java:201) ~[elasticsearch-5.2.2.jar:5.2.2]
	at org.elasticsearch.action.bulk.TransportShardBulkAction.shardIndexOperation(TransportShardBulkAction.java:348) [elasticsearch-5.2.2.jar:5.2.2]
	at org.elasticsearch.action.bulk.TransportShardBulkAction.index(TransportShardBulkAction.java:155) [elasticsearch-5.2.2.jar:5.2.2]
	at org.elasticsearch.action.bulk.TransportShardBulkAction.handleItem(TransportShardBulkAction.java:134) [elasticsearch-5.2.2.jar:5.2.2]
	at org.elasticsearch.action.bulk.TransportShardBulkAction.onPrimaryShard(TransportShardBulkAction.java:120) [elasticsearch-5.2.2.jar:5.2.2]
	at org.elasticsearch.action.bulk.TransportShardBulkAction.onPrimaryShard(TransportShardBulkAction.java:73) [elasticsearch-5.2.2.jar:5.2.2]
	at org.elasticsearch.action.support.replication.TransportWriteAction.shardOperationOnPrimary(TransportWriteAction.java:76) [elasticsearch-5.2.2.jar:5.2.2]
	at org.elasticsearch.action.support.replication.TransportWriteAction.shardOperationOnPrimary(TransportWriteAction.java:49) [elasticsearch-5.2.2.jar:5.2.2]
	at org.elasticsearch.action.support.replication.TransportReplicationAction$PrimaryShardReference.perform(TransportReplicationAction.java:914) [elasticsearch-5.2.2.jar:5.2.2]
	at org.elasticsearch.action.support.replication.TransportReplicationAction$PrimaryShardReference.perform(TransportReplicationAction.java:884) [elasticsearch-5.2.2.jar:5.2.2]
	at org.elasticsearch.action.support.replication.ReplicationOperation.execute(ReplicationOperation.java:113) [elasticsearch-5.2.2.jar:5.2.2]
	at org.elasticsearch.action.support.replication.TransportReplicationAction$AsyncPrimaryAction.onResponse(TransportReplicationAction.java:327) [elasticsearch-5.2.2.jar:5.2.2]
	at org.elasticsearch.action.support.replication.TransportReplicationAction$AsyncPrimaryAction.onResponse(TransportReplicationAction.java:262) [elasticsearch-5.2.2.jar:5.2.2]
	at org.elasticsearch.action.support.replication.TransportReplicationAction$1.onResponse(TransportReplicationAction.java:864) [elasticsearch-5.2.2.jar:5.2.2]
	at org.elasticsearch.action.support.replication.TransportReplicationAction$1.onResponse(TransportReplicationAction.java:861) [elasticsearch-5.2.2.jar:5.2.2]
	at org.elasticsearch.index.shard.IndexShardOperationsLock.acquire(IndexShardOperationsLock.java:147) [elasticsearch-5.2.2.jar:5.2.2]
	at org.elasticsearch.index.shard.IndexShard.acquirePrimaryOperationLock(IndexShard.java:1652) [elasticsearch-5.2.2.jar:5.2.2]
	at org.elasticsearch.action.support.replication.TransportReplicationAction.acquirePrimaryShardReference(TransportReplicationAction.java:873) [elasticsearch-5.2.2.jar:5.2.2]
	at org.elasticsearch.action.support.replication.TransportReplicationAction.access$400(TransportReplicationAction.java:92) [elasticsearch-5.2.2.jar:5.2.2]
	at org.elasticsearch.action.support.replication.TransportReplicationAction$AsyncPrimaryAction.doRun(TransportReplicationAction.java:279) [elasticsearch-5.2.2.jar:5.2.2]
	at org.elasticsearch.common.util.concurrent.AbstractRunnable.run(AbstractRunnable.java:37) [elasticsearch-5.2.2.jar:5.2.2]
	at org.elasticsearch.action.support.replication.TransportReplicationAction$PrimaryOperationTransportHandler.messageReceived(TransportReplicationAction.java:258) [elasticsearch-5.2.2.jar:5.2.2]
	at org.elasticsearch.action.support.replication.TransportReplicationAction$PrimaryOperationTransportHandler.messageReceived(TransportReplicationAction.java:250) [elasticsearch-5.2.2.jar:5.2.2]
	at org.elasticsearch.transport.RequestHandlerRegistry.processMessageReceived(RequestHandlerRegistry.java:69) [elasticsearch-5.2.2.jar:5.2.2]
	at org.elasticsearch.transport.TransportService$7.doRun(TransportService.java:610) [elasticsearch-5.2.2.jar:5.2.2]
	at org.elasticsearch.common.util.concurrent.ThreadContext$ContextPreservingAbstractRunnable.doRun(ThreadContext.java:596) [elasticsearch-5.2.2.jar:5.2.2]
	at org.elasticsearch.common.util.concurrent.AbstractRunnable.run(AbstractRunnable.java:37) [elasticsearch-5.2.2.jar:5.2.2]
	at java.util.concurrent.ThreadPoolExecutor.runWorker(ThreadPoolExecutor.java:1142) [?:1.8.0_121]
	at java.util.concurrent.ThreadPoolExecutor$Worker.run(ThreadPoolExecutor.java:617) [?:1.8.0_121]
	at java.lang.Thread.run(Thread.java:745) [?:1.8.0_121]
Caused by: com.fasterxml.jackson.core.JsonParseException: Unexpected character ('"' (code 34)): was expecting comma to separate Object entries
 at [Source: org.elasticsearch.common.bytes.BytesReference$MarkSupportingStreamInputWrapper@5f6add18; line: 1, column: 14]
	at com.fasterxml.jackson.core.JsonParser._constructError(JsonParser.java:1702) ~[jackson-core-2.8.6.jar:2.8.6]
	at com.fasterxml.jackson.core.base.ParserMinimalBase._reportError(ParserMinimalBase.java:558) ~[jackson-core-2.8.6.jar:2.8.6]
	at com.fasterxml.jackson.core.base.ParserMinimalBase._reportUnexpectedChar(ParserMinimalBase.java:456) ~[jackson-core-2.8.6.jar:2.8.6]
	at com.fasterxml.jackson.core.json.UTF8StreamJsonParser.nextToken(UTF8StreamJsonParser.java:761) ~[jackson-core-2.8.6.jar:2.8.6]
	at org.elasticsearch.common.xcontent.json.JsonXContentParser.nextToken(JsonXContentParser.java:55) ~[elasticsearch-5.2.2.jar:5.2.2]
	at org.elasticsearch.index.mapper.DocumentParser.innerParseObject(DocumentParser.java:397) ~[elasticsearch-5.2.2.jar:5.2.2]
	at org.elasticsearch.index.mapper.DocumentParser.parseObjectOrNested(DocumentParser.java:372) ~[elasticsearch-5.2.2.jar:5.2.2]
	at org.elasticsearch.index.mapper.DocumentParser.internalParseDocument(DocumentParser.java:93) ~[elasticsearch-5.2.2.jar:5.2.2]
	at org.elasticsearch.index.mapper.DocumentParser.parseDocument(DocumentParser.java:66) ~[elasticsearch-5.2.2.jar:5.2.2]
	... 34 more
[2017-03-23T21:31:55,159][INFO ][o.e.c.m.MetaDataMappingService] [-f2T_Zf] [my_store/LICy_wtHTlmCN4zuS0CVMw] create_mapping [products]
[2017-03-23T21:32:27,496][DEBUG][o.e.a.b.TransportShardBulkAction] [-f2T_Zf] [my_store][2] failed to execute bulk item (index) index {[my_store][products][2], source[{"price":20 "productID":"A"}]}
org.elasticsearch.index.mapper.MapperParsingException: failed to parse
	at org.elasticsearch.index.mapper.DocumentParser.wrapInMapperParsingException(DocumentParser.java:175) ~[elasticsearch-5.2.2.jar:5.2.2]
	at org.elasticsearch.index.mapper.DocumentParser.parseDocument(DocumentParser.java:69) ~[elasticsearch-5.2.2.jar:5.2.2]
	at org.elasticsearch.index.mapper.DocumentMapper.parse(DocumentMapper.java:275) ~[elasticsearch-5.2.2.jar:5.2.2]
	at org.elasticsearch.index.shard.IndexShard.prepareIndex(IndexShard.java:533) ~[elasticsearch-5.2.2.jar:5.2.2]
	at org.elasticsearch.index.shard.IndexShard.prepareIndexOnPrimary(IndexShard.java:510) ~[elasticsearch-5.2.2.jar:5.2.2]
	at org.elasticsearch.action.index.TransportIndexAction.prepareIndexOperationOnPrimary(TransportIndexAction.java:196) ~[elasticsearch-5.2.2.jar:5.2.2]
	at org.elasticsearch.action.index.TransportIndexAction.executeIndexRequestOnPrimary(TransportIndexAction.java:201) ~[elasticsearch-5.2.2.jar:5.2.2]
	at org.elasticsearch.action.bulk.TransportShardBulkAction.shardIndexOperation(TransportShardBulkAction.java:348) [elasticsearch-5.2.2.jar:5.2.2]
	at org.elasticsearch.action.bulk.TransportShardBulkAction.index(TransportShardBulkAction.java:155) [elasticsearch-5.2.2.jar:5.2.2]
	at org.elasticsearch.action.bulk.TransportShardBulkAction.handleItem(TransportShardBulkAction.java:134) [elasticsearch-5.2.2.jar:5.2.2]
	at org.elasticsearch.action.bulk.TransportShardBulkAction.onPrimaryShard(TransportShardBulkAction.java:120) [elasticsearch-5.2.2.jar:5.2.2]
	at org.elasticsearch.action.bulk.TransportShardBulkAction.onPrimaryShard(TransportShardBulkAction.java:73) [elasticsearch-5.2.2.jar:5.2.2]
	at org.elasticsearch.action.support.replication.TransportWriteAction.shardOperationOnPrimary(TransportWriteAction.java:76) [elasticsearch-5.2.2.jar:5.2.2]
	at org.elasticsearch.action.support.replication.TransportWriteAction.shardOperationOnPrimary(TransportWriteAction.java:49) [elasticsearch-5.2.2.jar:5.2.2]
	at org.elasticsearch.action.support.replication.TransportReplicationAction$PrimaryShardReference.perform(TransportReplicationAction.java:914) [elasticsearch-5.2.2.jar:5.2.2]
	at org.elasticsearch.action.support.replication.TransportReplicationAction$PrimaryShardReference.perform(TransportReplicationAction.java:884) [elasticsearch-5.2.2.jar:5.2.2]
	at org.elasticsearch.action.support.replication.ReplicationOperation.execute(ReplicationOperation.java:113) [elasticsearch-5.2.2.jar:5.2.2]
	at org.elasticsearch.action.support.replication.TransportReplicationAction$AsyncPrimaryAction.onResponse(TransportReplicationAction.java:327) [elasticsearch-5.2.2.jar:5.2.2]
	at org.elasticsearch.action.support.replication.TransportReplicationAction$AsyncPrimaryAction.onResponse(TransportReplicationAction.java:262) [elasticsearch-5.2.2.jar:5.2.2]
	at org.elasticsearch.action.support.replication.TransportReplicationAction$1.onResponse(TransportReplicationAction.java:864) [elasticsearch-5.2.2.jar:5.2.2]
	at org.elasticsearch.action.support.replication.TransportReplicationAction$1.onResponse(TransportReplicationAction.java:861) [elasticsearch-5.2.2.jar:5.2.2]
	at org.elasticsearch.index.shard.IndexShardOperationsLock.acquire(IndexShardOperationsLock.java:147) [elasticsearch-5.2.2.jar:5.2.2]
	at org.elasticsearch.index.shard.IndexShard.acquirePrimaryOperationLock(IndexShard.java:1652) [elasticsearch-5.2.2.jar:5.2.2]
	at org.elasticsearch.action.support.replication.TransportReplicationAction.acquirePrimaryShardReference(TransportReplicationAction.java:873) [elasticsearch-5.2.2.jar:5.2.2]
	at org.elasticsearch.action.support.replication.TransportReplicationAction.access$400(TransportReplicationAction.java:92) [elasticsearch-5.2.2.jar:5.2.2]
	at org.elasticsearch.action.support.replication.TransportReplicationAction$AsyncPrimaryAction.doRun(TransportReplicationAction.java:279) [elasticsearch-5.2.2.jar:5.2.2]
	at org.elasticsearch.common.util.concurrent.AbstractRunnable.run(AbstractRunnable.java:37) [elasticsearch-5.2.2.jar:5.2.2]
	at org.elasticsearch.action.support.replication.TransportReplicationAction$PrimaryOperationTransportHandler.messageReceived(TransportReplicationAction.java:258) [elasticsearch-5.2.2.jar:5.2.2]
	at org.elasticsearch.action.support.replication.TransportReplicationAction$PrimaryOperationTransportHandler.messageReceived(TransportReplicationAction.java:250) [elasticsearch-5.2.2.jar:5.2.2]
	at org.elasticsearch.transport.RequestHandlerRegistry.processMessageReceived(RequestHandlerRegistry.java:69) [elasticsearch-5.2.2.jar:5.2.2]
	at org.elasticsearch.transport.TransportService$7.doRun(TransportService.java:610) [elasticsearch-5.2.2.jar:5.2.2]
	at org.elasticsearch.common.util.concurrent.ThreadContext$ContextPreservingAbstractRunnable.doRun(ThreadContext.java:596) [elasticsearch-5.2.2.jar:5.2.2]
	at org.elasticsearch.common.util.concurrent.AbstractRunnable.run(AbstractRunnable.java:37) [elasticsearch-5.2.2.jar:5.2.2]
	at java.util.concurrent.ThreadPoolExecutor.runWorker(ThreadPoolExecutor.java:1142) [?:1.8.0_121]
	at java.util.concurrent.ThreadPoolExecutor$Worker.run(ThreadPoolExecutor.java:617) [?:1.8.0_121]
	at java.lang.Thread.run(Thread.java:745) [?:1.8.0_121]
Caused by: com.fasterxml.jackson.core.JsonParseException: Unexpected character ('"' (code 34)): was expecting comma to separate Object entries
 at [Source: org.elasticsearch.common.bytes.BytesReference$MarkSupportingStreamInputWrapper@5bfaa178; line: 1, column: 14]
	at com.fasterxml.jackson.core.JsonParser._constructError(JsonParser.java:1702) ~[jackson-core-2.8.6.jar:2.8.6]
	at com.fasterxml.jackson.core.base.ParserMinimalBase._reportError(ParserMinimalBase.java:558) ~[jackson-core-2.8.6.jar:2.8.6]
	at com.fasterxml.jackson.core.base.ParserMinimalBase._reportUnexpectedChar(ParserMinimalBase.java:456) ~[jackson-core-2.8.6.jar:2.8.6]
	at com.fasterxml.jackson.core.json.UTF8StreamJsonParser.nextToken(UTF8StreamJsonParser.java:761) ~[jackson-core-2.8.6.jar:2.8.6]
	at org.elasticsearch.common.xcontent.json.JsonXContentParser.nextToken(JsonXContentParser.java:55) ~[elasticsearch-5.2.2.jar:5.2.2]
	at org.elasticsearch.index.mapper.DocumentParser.innerParseObject(DocumentParser.java:397) ~[elasticsearch-5.2.2.jar:5.2.2]
	at org.elasticsearch.index.mapper.DocumentParser.parseObjectOrNested(DocumentParser.java:372) ~[elasticsearch-5.2.2.jar:5.2.2]
	at org.elasticsearch.index.mapper.DocumentParser.internalParseDocument(DocumentParser.java:93) ~[elasticsearch-5.2.2.jar:5.2.2]
	at org.elasticsearch.index.mapper.DocumentParser.parseDocument(DocumentParser.java:66) ~[elasticsearch-5.2.2.jar:5.2.2]
	... 34 more
[2017-03-23T21:41:30,613][WARN ][o.e.m.j.JvmGcMonitorService] [-f2T_Zf] [gc][young][2410][3] duration [8.6s], collections [1]/[8.7s], total [8.6s]/[8.8s], memory [308.1mb]->[87.4mb]/[1.9gb], all_pools {[young] [266mb]->[1.7mb]/[266.2mb]}{[survivor] [33.2mb]->[33.2mb]/[33.2mb]}{[old] [8.8mb]->[52.4mb]/[1.6gb]}
[2017-03-23T21:41:30,621][WARN ][o.e.m.j.JvmGcMonitorService] [-f2T_Zf] [gc][2410] overhead, spent [8.6s] collecting in the last [8.7s]
[2017-03-23T21:51:24,033][INFO ][o.e.c.m.MetaDataDeleteIndexService] [-f2T_Zf] [my_store/LICy_wtHTlmCN4zuS0CVMw] deleting index
[2017-03-23T21:52:25,232][INFO ][o.e.c.m.MetaDataCreateIndexService] [-f2T_Zf] [my_store] creating index, cause [auto(bulk api)], templates [], shards [5]/[1], mappings []
[2017-03-23T21:52:25,373][INFO ][o.e.c.m.MetaDataMappingService] [-f2T_Zf] [my_store/Zg0mx5rOQlqJLN0xmvd_Nw] create_mapping [my_type]
[2017-03-23T23:07:43,433][WARN ][o.e.m.j.JvmGcMonitorService] [-f2T_Zf] [gc][young][7575][4] duration [6s], collections [1]/[7s], total [6s]/[14.9s], memory [351.9mb]->[132.6mb]/[1.9gb], all_pools {[young] [266.2mb]->[2.6mb]/[266.2mb]}{[survivor] [33.2mb]->[21.1mb]/[33.2mb]}{[old] [52.4mb]->[109.3mb]/[1.6gb]}
[2017-03-23T23:07:43,436][WARN ][o.e.m.j.JvmGcMonitorService] [-f2T_Zf] [gc][7575] overhead, spent [6s] collecting in the last [7s]
[2017-03-23T23:41:09,376][INFO ][o.e.n.Node               ] [-f2T_Zf] stopping ...
[2017-03-23T23:41:09,740][INFO ][o.e.n.Node               ] [-f2T_Zf] stopped
[2017-03-23T23:41:09,741][INFO ][o.e.n.Node               ] [-f2T_Zf] closing ...
[2017-03-23T23:41:10,007][INFO ][o.e.n.Node               ] [-f2T_Zf] closed
