[2017-04-04T11:10:28,971][INFO ][o.e.n.Node               ] [] initializing ...
[2017-04-04T11:10:30,232][INFO ][o.e.e.NodeEnvironment    ] [-f2T_Zf] using [1] data paths, mounts [[/ (/dev/sda4)]], net usable_space [19.3gb], net total_space [52.3gb], spins? [possibly], types [ext4]
[2017-04-04T11:10:30,232][INFO ][o.e.e.NodeEnvironment    ] [-f2T_Zf] heap size [1.9gb], compressed ordinary object pointers [true]
[2017-04-04T11:10:31,395][INFO ][o.e.n.Node               ] node name [-f2T_Zf] derived from node ID [-f2T_ZfAQKSm8iOo5kl_jQ]; set [node.name] to override
[2017-04-04T11:10:31,442][INFO ][o.e.n.Node               ] version[5.2.2], pid[3086], build[f9d9b74/2017-02-24T17:26:45.835Z], OS[Linux/4.4.0-71-generic/amd64], JVM[Oracle Corporation/OpenJDK 64-Bit Server VM/1.8.0_121/25.121-b13]
[2017-04-04T11:10:41,739][INFO ][o.e.p.PluginsService     ] [-f2T_Zf] loaded module [aggs-matrix-stats]
[2017-04-04T11:10:41,739][INFO ][o.e.p.PluginsService     ] [-f2T_Zf] loaded module [ingest-common]
[2017-04-04T11:10:41,739][INFO ][o.e.p.PluginsService     ] [-f2T_Zf] loaded module [lang-expression]
[2017-04-04T11:10:41,739][INFO ][o.e.p.PluginsService     ] [-f2T_Zf] loaded module [lang-groovy]
[2017-04-04T11:10:41,740][INFO ][o.e.p.PluginsService     ] [-f2T_Zf] loaded module [lang-mustache]
[2017-04-04T11:10:41,740][INFO ][o.e.p.PluginsService     ] [-f2T_Zf] loaded module [lang-painless]
[2017-04-04T11:10:41,740][INFO ][o.e.p.PluginsService     ] [-f2T_Zf] loaded module [percolator]
[2017-04-04T11:10:41,740][INFO ][o.e.p.PluginsService     ] [-f2T_Zf] loaded module [reindex]
[2017-04-04T11:10:41,740][INFO ][o.e.p.PluginsService     ] [-f2T_Zf] loaded module [transport-netty3]
[2017-04-04T11:10:41,740][INFO ][o.e.p.PluginsService     ] [-f2T_Zf] loaded module [transport-netty4]
[2017-04-04T11:10:41,741][INFO ][o.e.p.PluginsService     ] [-f2T_Zf] no plugins loaded
[2017-04-04T11:11:42,585][INFO ][o.e.n.Node               ] initialized
[2017-04-04T11:11:42,585][INFO ][o.e.n.Node               ] [-f2T_Zf] starting ...
[2017-04-04T11:11:47,297][INFO ][o.e.t.TransportService   ] [-f2T_Zf] publish_address {127.0.0.1:9300}, bound_addresses {[::1]:9300}, {127.0.0.1:9300}
[2017-04-04T11:11:47,352][WARN ][o.e.b.BootstrapChecks    ] [-f2T_Zf] max virtual memory areas vm.max_map_count [65530] is too low, increase to at least [262144]
[2017-04-04T11:11:53,463][WARN ][o.e.m.j.JvmGcMonitorService] [-f2T_Zf] [gc][young][7][2] duration [3.7s], collections [1]/[4.5s], total [3.7s]/[4.2s], memory [270.4mb]->[44.6mb]/[1.9gb], all_pools {[young] [252.2mb]->[3.5mb]/[266.2mb]}{[survivor] [18.1mb]->[33.2mb]/[33.2mb]}{[old] [0b]->[8.7mb]/[1.6gb]}
[2017-04-04T11:11:53,484][WARN ][o.e.m.j.JvmGcMonitorService] [-f2T_Zf] [gc][7] overhead, spent [3.7s] collecting in the last [4.5s]
[2017-04-04T11:11:53,889][INFO ][o.e.c.s.ClusterService   ] [-f2T_Zf] new_master {-f2T_Zf}{-f2T_ZfAQKSm8iOo5kl_jQ}{LpfystlARD61HkME5R5GQQ}{127.0.0.1}{127.0.0.1:9300}, reason: zen-disco-elected-as-master ([0] nodes joined)
[2017-04-04T11:11:56,706][INFO ][o.e.h.HttpServer         ] [-f2T_Zf] publish_address {127.0.0.1:9200}, bound_addresses {[::1]:9200}, {127.0.0.1:9200}
[2017-04-04T11:11:56,707][INFO ][o.e.n.Node               ] [-f2T_Zf] started
[2017-04-04T11:12:08,057][INFO ][o.e.g.GatewayService     ] [-f2T_Zf] recovered [8] indices into cluster_state
[2017-04-04T11:12:28,834][INFO ][o.e.c.r.a.AllocationService] [-f2T_Zf] Cluster health status changed from [RED] to [YELLOW] (reason: [shards started [[customer][1], [customer][2], [.kibana][0]] ...]).
[2017-04-04T11:31:41,325][INFO ][o.e.n.Node               ] [-f2T_Zf] stopping ...
[2017-04-04T11:31:41,562][INFO ][o.e.n.Node               ] [-f2T_Zf] stopped
[2017-04-04T11:31:41,563][INFO ][o.e.n.Node               ] [-f2T_Zf] closing ...
[2017-04-04T11:31:41,597][INFO ][o.e.n.Node               ] [-f2T_Zf] closed
[2017-04-04T20:14:58,319][INFO ][o.e.n.Node               ] [] initializing ...
[2017-04-04T20:14:58,844][INFO ][o.e.e.NodeEnvironment    ] [-f2T_Zf] using [1] data paths, mounts [[/ (/dev/sda4)]], net usable_space [19.3gb], net total_space [52.3gb], spins? [possibly], types [ext4]
[2017-04-04T20:14:58,844][INFO ][o.e.e.NodeEnvironment    ] [-f2T_Zf] heap size [1.9gb], compressed ordinary object pointers [true]
[2017-04-04T20:14:59,122][INFO ][o.e.n.Node               ] node name [-f2T_Zf] derived from node ID [-f2T_ZfAQKSm8iOo5kl_jQ]; set [node.name] to override
[2017-04-04T20:14:59,127][INFO ][o.e.n.Node               ] version[5.2.2], pid[2622], build[f9d9b74/2017-02-24T17:26:45.835Z], OS[Linux/4.4.0-71-generic/amd64], JVM[Oracle Corporation/OpenJDK 64-Bit Server VM/1.8.0_121/25.121-b13]
[2017-04-04T20:15:03,004][INFO ][o.e.p.PluginsService     ] [-f2T_Zf] loaded module [aggs-matrix-stats]
[2017-04-04T20:15:03,004][INFO ][o.e.p.PluginsService     ] [-f2T_Zf] loaded module [ingest-common]
[2017-04-04T20:15:03,005][INFO ][o.e.p.PluginsService     ] [-f2T_Zf] loaded module [lang-expression]
[2017-04-04T20:15:03,005][INFO ][o.e.p.PluginsService     ] [-f2T_Zf] loaded module [lang-groovy]
[2017-04-04T20:15:03,005][INFO ][o.e.p.PluginsService     ] [-f2T_Zf] loaded module [lang-mustache]
[2017-04-04T20:15:03,005][INFO ][o.e.p.PluginsService     ] [-f2T_Zf] loaded module [lang-painless]
[2017-04-04T20:15:03,005][INFO ][o.e.p.PluginsService     ] [-f2T_Zf] loaded module [percolator]
[2017-04-04T20:15:03,006][INFO ][o.e.p.PluginsService     ] [-f2T_Zf] loaded module [reindex]
[2017-04-04T20:15:03,006][INFO ][o.e.p.PluginsService     ] [-f2T_Zf] loaded module [transport-netty3]
[2017-04-04T20:15:03,006][INFO ][o.e.p.PluginsService     ] [-f2T_Zf] loaded module [transport-netty4]
[2017-04-04T20:15:03,007][INFO ][o.e.p.PluginsService     ] [-f2T_Zf] no plugins loaded
[2017-04-04T20:15:06,512][INFO ][o.e.n.Node               ] initialized
[2017-04-04T20:15:06,512][INFO ][o.e.n.Node               ] [-f2T_Zf] starting ...
[2017-04-04T20:15:07,004][INFO ][o.e.t.TransportService   ] [-f2T_Zf] publish_address {127.0.0.1:9300}, bound_addresses {[::1]:9300}, {127.0.0.1:9300}
[2017-04-04T20:15:07,010][WARN ][o.e.b.BootstrapChecks    ] [-f2T_Zf] max virtual memory areas vm.max_map_count [65530] is too low, increase to at least [262144]
[2017-04-04T20:15:10,072][INFO ][o.e.c.s.ClusterService   ] [-f2T_Zf] new_master {-f2T_Zf}{-f2T_ZfAQKSm8iOo5kl_jQ}{QOxC5ZXrQ5WWzFoOEgqy6w}{127.0.0.1}{127.0.0.1:9300}, reason: zen-disco-elected-as-master ([0] nodes joined)
[2017-04-04T20:15:10,121][INFO ][o.e.h.HttpServer         ] [-f2T_Zf] publish_address {127.0.0.1:9200}, bound_addresses {[::1]:9200}, {127.0.0.1:9200}
[2017-04-04T20:15:10,121][INFO ][o.e.n.Node               ] [-f2T_Zf] started
[2017-04-04T20:15:11,195][INFO ][o.e.g.GatewayService     ] [-f2T_Zf] recovered [8] indices into cluster_state
[2017-04-04T20:15:13,964][INFO ][o.e.c.r.a.AllocationService] [-f2T_Zf] Cluster health status changed from [RED] to [YELLOW] (reason: [shards started [[.kibana][0]] ...]).
[2017-04-04T20:37:54,444][WARN ][o.e.m.j.JvmGcMonitorService] [-f2T_Zf] [gc][young][1360][3] duration [7.2s], collections [1]/[7.4s], total [7.2s]/[7.2s], memory [308.2mb]->[118.8mb]/[1.9gb], all_pools {[young] [266.1mb]->[1.9mb]/[266.2mb]}{[survivor] [33.2mb]->[33.2mb]/[33.2mb]}{[old] [8.7mb]->[83.7mb]/[1.6gb]}
[2017-04-04T20:37:54,455][WARN ][o.e.m.j.JvmGcMonitorService] [-f2T_Zf] [gc][1360] overhead, spent [7.2s] collecting in the last [7.4s]
[2017-04-04T20:40:07,267][WARN ][r.suppressed             ] path: /yahoo/news/_search, params: {explain=, index=yahoo, type=news}
com.fasterxml.jackson.core.JsonParseException: Unexpected character (']' (code 93)): expected a value
 at [Source: org.elasticsearch.transport.netty4.ByteBufStreamInput@2230d2da; line: 22, column: 8]
	at com.fasterxml.jackson.core.JsonParser._constructError(JsonParser.java:1702) ~[jackson-core-2.8.6.jar:2.8.6]
	at com.fasterxml.jackson.core.base.ParserMinimalBase._reportError(ParserMinimalBase.java:558) ~[jackson-core-2.8.6.jar:2.8.6]
	at com.fasterxml.jackson.core.base.ParserMinimalBase._reportUnexpectedChar(ParserMinimalBase.java:456) ~[jackson-core-2.8.6.jar:2.8.6]
	at com.fasterxml.jackson.core.json.UTF8StreamJsonParser._handleUnexpectedValue(UTF8StreamJsonParser.java:2656) ~[jackson-core-2.8.6.jar:2.8.6]
	at com.fasterxml.jackson.core.json.UTF8StreamJsonParser._nextTokenNotInObject(UTF8StreamJsonParser.java:878) ~[jackson-core-2.8.6.jar:2.8.6]
	at com.fasterxml.jackson.core.json.UTF8StreamJsonParser.nextToken(UTF8StreamJsonParser.java:772) ~[jackson-core-2.8.6.jar:2.8.6]
	at org.elasticsearch.common.xcontent.json.JsonXContentParser.nextToken(JsonXContentParser.java:55) ~[elasticsearch-5.2.2.jar:5.2.2]
	at org.elasticsearch.index.query.DisMaxQueryBuilder.fromXContent(DisMaxQueryBuilder.java:152) ~[elasticsearch-5.2.2.jar:5.2.2]
	at org.elasticsearch.search.SearchModule.lambda$registerQuery$8(SearchModule.java:789) ~[elasticsearch-5.2.2.jar:5.2.2]
	at org.elasticsearch.common.xcontent.NamedXContentRegistry.parseNamedObject(NamedXContentRegistry.java:162) ~[elasticsearch-5.2.2.jar:5.2.2]
	at org.elasticsearch.common.xcontent.support.AbstractXContentParser.namedObject(AbstractXContentParser.java:369) ~[elasticsearch-5.2.2.jar:5.2.2]
	at org.elasticsearch.index.query.QueryParseContext.parseInnerQueryBuilder(QueryParseContext.java:116) ~[elasticsearch-5.2.2.jar:5.2.2]
	at org.elasticsearch.search.builder.SearchSourceBuilder.parseXContent(SearchSourceBuilder.java:969) ~[elasticsearch-5.2.2.jar:5.2.2]
	at org.elasticsearch.rest.action.search.RestSearchAction.parseSearchRequest(RestSearchAction.java:99) ~[elasticsearch-5.2.2.jar:5.2.2]
	at org.elasticsearch.rest.action.search.RestSearchAction.lambda$prepareRequest$0(RestSearchAction.java:79) ~[elasticsearch-5.2.2.jar:5.2.2]
	at org.elasticsearch.rest.RestRequest.withContentOrSourceParamParserOrNull(RestRequest.java:296) ~[elasticsearch-5.2.2.jar:5.2.2]
	at org.elasticsearch.rest.action.search.RestSearchAction.prepareRequest(RestSearchAction.java:78) ~[elasticsearch-5.2.2.jar:5.2.2]
	at org.elasticsearch.rest.BaseRestHandler.handleRequest(BaseRestHandler.java:66) ~[elasticsearch-5.2.2.jar:5.2.2]
	at org.elasticsearch.rest.RestController.dispatchRequest(RestController.java:162) ~[elasticsearch-5.2.2.jar:5.2.2]
	at org.elasticsearch.http.HttpServer.dispatchRequest(HttpServer.java:115) [elasticsearch-5.2.2.jar:5.2.2]
	at org.elasticsearch.http.netty4.Netty4HttpServerTransport.dispatchRequest(Netty4HttpServerTransport.java:515) [transport-netty4-5.2.2.jar:5.2.2]
	at org.elasticsearch.http.netty4.Netty4HttpRequestHandler.channelRead0(Netty4HttpRequestHandler.java:70) [transport-netty4-5.2.2.jar:5.2.2]
	at io.netty.channel.SimpleChannelInboundHandler.channelRead(SimpleChannelInboundHandler.java:105) [netty-transport-4.1.7.Final.jar:4.1.7.Final]
	at io.netty.channel.AbstractChannelHandlerContext.invokeChannelRead(AbstractChannelHandlerContext.java:363) [netty-transport-4.1.7.Final.jar:4.1.7.Final]
	at io.netty.channel.AbstractChannelHandlerContext.invokeChannelRead(AbstractChannelHandlerContext.java:349) [netty-transport-4.1.7.Final.jar:4.1.7.Final]
	at io.netty.channel.AbstractChannelHandlerContext.fireChannelRead(AbstractChannelHandlerContext.java:341) [netty-transport-4.1.7.Final.jar:4.1.7.Final]
	at org.elasticsearch.http.netty4.pipelining.HttpPipeliningHandler.channelRead(HttpPipeliningHandler.java:65) [transport-netty4-5.2.2.jar:5.2.2]
	at io.netty.channel.AbstractChannelHandlerContext.invokeChannelRead(AbstractChannelHandlerContext.java:363) [netty-transport-4.1.7.Final.jar:4.1.7.Final]
	at io.netty.channel.AbstractChannelHandlerContext.invokeChannelRead(AbstractChannelHandlerContext.java:349) [netty-transport-4.1.7.Final.jar:4.1.7.Final]
	at io.netty.channel.AbstractChannelHandlerContext.fireChannelRead(AbstractChannelHandlerContext.java:341) [netty-transport-4.1.7.Final.jar:4.1.7.Final]
	at io.netty.handler.codec.MessageToMessageDecoder.channelRead(MessageToMessageDecoder.java:102) [netty-codec-4.1.7.Final.jar:4.1.7.Final]
	at io.netty.handler.codec.MessageToMessageCodec.channelRead(MessageToMessageCodec.java:111) [netty-codec-4.1.7.Final.jar:4.1.7.Final]
	at io.netty.channel.AbstractChannelHandlerContext.invokeChannelRead(AbstractChannelHandlerContext.java:363) [netty-transport-4.1.7.Final.jar:4.1.7.Final]
	at io.netty.channel.AbstractChannelHandlerContext.invokeChannelRead(AbstractChannelHandlerContext.java:349) [netty-transport-4.1.7.Final.jar:4.1.7.Final]
	at io.netty.channel.AbstractChannelHandlerContext.fireChannelRead(AbstractChannelHandlerContext.java:341) [netty-transport-4.1.7.Final.jar:4.1.7.Final]
	at io.netty.handler.codec.MessageToMessageDecoder.channelRead(MessageToMessageDecoder.java:102) [netty-codec-4.1.7.Final.jar:4.1.7.Final]
	at io.netty.channel.AbstractChannelHandlerContext.invokeChannelRead(AbstractChannelHandlerContext.java:363) [netty-transport-4.1.7.Final.jar:4.1.7.Final]
	at io.netty.channel.AbstractChannelHandlerContext.invokeChannelRead(AbstractChannelHandlerContext.java:349) [netty-transport-4.1.7.Final.jar:4.1.7.Final]
	at io.netty.channel.AbstractChannelHandlerContext.fireChannelRead(AbstractChannelHandlerContext.java:341) [netty-transport-4.1.7.Final.jar:4.1.7.Final]
	at io.netty.handler.codec.MessageToMessageDecoder.channelRead(MessageToMessageDecoder.java:102) [netty-codec-4.1.7.Final.jar:4.1.7.Final]
	at io.netty.channel.AbstractChannelHandlerContext.invokeChannelRead(AbstractChannelHandlerContext.java:363) [netty-transport-4.1.7.Final.jar:4.1.7.Final]
	at io.netty.channel.AbstractChannelHandlerContext.invokeChannelRead(AbstractChannelHandlerContext.java:349) [netty-transport-4.1.7.Final.jar:4.1.7.Final]
	at io.netty.channel.AbstractChannelHandlerContext.fireChannelRead(AbstractChannelHandlerContext.java:341) [netty-transport-4.1.7.Final.jar:4.1.7.Final]
	at io.netty.handler.codec.ByteToMessageDecoder.fireChannelRead(ByteToMessageDecoder.java:293) [netty-codec-4.1.7.Final.jar:4.1.7.Final]
	at io.netty.handler.codec.ByteToMessageDecoder.channelRead(ByteToMessageDecoder.java:267) [netty-codec-4.1.7.Final.jar:4.1.7.Final]
	at io.netty.channel.AbstractChannelHandlerContext.invokeChannelRead(AbstractChannelHandlerContext.java:363) [netty-transport-4.1.7.Final.jar:4.1.7.Final]
	at io.netty.channel.AbstractChannelHandlerContext.invokeChannelRead(AbstractChannelHandlerContext.java:349) [netty-transport-4.1.7.Final.jar:4.1.7.Final]
	at io.netty.channel.AbstractChannelHandlerContext.fireChannelRead(AbstractChannelHandlerContext.java:341) [netty-transport-4.1.7.Final.jar:4.1.7.Final]
	at io.netty.channel.ChannelInboundHandlerAdapter.channelRead(ChannelInboundHandlerAdapter.java:86) [netty-transport-4.1.7.Final.jar:4.1.7.Final]
	at io.netty.channel.AbstractChannelHandlerContext.invokeChannelRead(AbstractChannelHandlerContext.java:363) [netty-transport-4.1.7.Final.jar:4.1.7.Final]
	at io.netty.channel.AbstractChannelHandlerContext.invokeChannelRead(AbstractChannelHandlerContext.java:349) [netty-transport-4.1.7.Final.jar:4.1.7.Final]
	at io.netty.channel.AbstractChannelHandlerContext.fireChannelRead(AbstractChannelHandlerContext.java:341) [netty-transport-4.1.7.Final.jar:4.1.7.Final]
	at io.netty.channel.DefaultChannelPipeline$HeadContext.channelRead(DefaultChannelPipeline.java:1334) [netty-transport-4.1.7.Final.jar:4.1.7.Final]
	at io.netty.channel.AbstractChannelHandlerContext.invokeChannelRead(AbstractChannelHandlerContext.java:363) [netty-transport-4.1.7.Final.jar:4.1.7.Final]
	at io.netty.channel.AbstractChannelHandlerContext.invokeChannelRead(AbstractChannelHandlerContext.java:349) [netty-transport-4.1.7.Final.jar:4.1.7.Final]
	at io.netty.channel.DefaultChannelPipeline.fireChannelRead(DefaultChannelPipeline.java:926) [netty-transport-4.1.7.Final.jar:4.1.7.Final]
	at io.netty.channel.nio.AbstractNioByteChannel$NioByteUnsafe.read(AbstractNioByteChannel.java:129) [netty-transport-4.1.7.Final.jar:4.1.7.Final]
	at io.netty.channel.nio.NioEventLoop.processSelectedKey(NioEventLoop.java:642) [netty-transport-4.1.7.Final.jar:4.1.7.Final]
	at io.netty.channel.nio.NioEventLoop.processSelectedKeysPlain(NioEventLoop.java:527) [netty-transport-4.1.7.Final.jar:4.1.7.Final]
	at io.netty.channel.nio.NioEventLoop.processSelectedKeys(NioEventLoop.java:481) [netty-transport-4.1.7.Final.jar:4.1.7.Final]
	at io.netty.channel.nio.NioEventLoop.run(NioEventLoop.java:441) [netty-transport-4.1.7.Final.jar:4.1.7.Final]
	at io.netty.util.concurrent.SingleThreadEventExecutor$5.run(SingleThreadEventExecutor.java:858) [netty-common-4.1.7.Final.jar:4.1.7.Final]
	at java.lang.Thread.run(Thread.java:745) [?:1.8.0_121]
[2017-04-04T21:14:43,356][INFO ][o.e.c.m.MetaDataDeleteIndexService] [-f2T_Zf] [my_index/Szz802ovS1-Q8ha4JPR8TA] deleting index
[2017-04-04T21:14:46,646][INFO ][o.e.c.m.MetaDataCreateIndexService] [-f2T_Zf] [my_index] creating index, cause [api], templates [], shards [5]/[1], mappings [doc]
[2017-04-04T21:16:38,004][INFO ][o.e.c.m.MetaDataDeleteIndexService] [-f2T_Zf] [my_index/Nz1SGJp0SSG2t0jvvYSS4g] deleting index
[2017-04-04T21:17:41,122][INFO ][o.e.c.m.MetaDataCreateIndexService] [-f2T_Zf] [my_index] creating index, cause [api], templates [], shards [5]/[1], mappings [doc]
[2017-04-04T22:04:00,522][WARN ][o.e.m.j.JvmGcMonitorService] [-f2T_Zf] [gc][young][6522][4] duration [3.6s], collections [1]/[3.9s], total [3.6s]/[10.9s], memory [382.6mb]->[152.4mb]/[1.9gb], all_pools {[young] [265.7mb]->[1.9mb]/[266.2mb]}{[survivor] [33.2mb]->[25mb]/[33.2mb]}{[old] [83.7mb]->[125.8mb]/[1.6gb]}
[2017-04-04T22:04:00,523][WARN ][o.e.m.j.JvmGcMonitorService] [-f2T_Zf] [gc][6522] overhead, spent [3.6s] collecting in the last [3.9s]
[2017-04-04T22:17:32,360][INFO ][o.e.n.Node               ] [-f2T_Zf] stopping ...
[2017-04-04T22:17:32,655][INFO ][o.e.n.Node               ] [-f2T_Zf] stopped
[2017-04-04T22:17:32,656][INFO ][o.e.n.Node               ] [-f2T_Zf] closing ...
[2017-04-04T22:17:32,766][INFO ][o.e.n.Node               ] [-f2T_Zf] closed
