[2017-03-17T21:50:02,012][INFO ][o.e.n.Node               ] [] initializing ...
[2017-03-17T21:50:03,898][INFO ][o.e.e.NodeEnvironment    ] [-f2T_Zf] using [1] data paths, mounts [[/ (/dev/sda4)]], net usable_space [20.2gb], net total_space [52.3gb], spins? [possibly], types [ext4]
[2017-03-17T21:50:03,899][INFO ][o.e.e.NodeEnvironment    ] [-f2T_Zf] heap size [1.9gb], compressed ordinary object pointers [true]
[2017-03-17T21:50:04,083][INFO ][o.e.n.Node               ] node name [-f2T_Zf] derived from node ID [-f2T_ZfAQKSm8iOo5kl_jQ]; set [node.name] to override
[2017-03-17T21:50:04,174][INFO ][o.e.n.Node               ] version[5.2.2], pid[6596], build[f9d9b74/2017-02-24T17:26:45.835Z], OS[Linux/4.4.0-66-generic/amd64], JVM[Oracle Corporation/OpenJDK 64-Bit Server VM/1.8.0_121/25.121-b13]
[2017-03-17T21:50:07,034][INFO ][o.e.p.PluginsService     ] [-f2T_Zf] loaded module [aggs-matrix-stats]
[2017-03-17T21:50:07,034][INFO ][o.e.p.PluginsService     ] [-f2T_Zf] loaded module [ingest-common]
[2017-03-17T21:50:07,035][INFO ][o.e.p.PluginsService     ] [-f2T_Zf] loaded module [lang-expression]
[2017-03-17T21:50:07,035][INFO ][o.e.p.PluginsService     ] [-f2T_Zf] loaded module [lang-groovy]
[2017-03-17T21:50:07,035][INFO ][o.e.p.PluginsService     ] [-f2T_Zf] loaded module [lang-mustache]
[2017-03-17T21:50:07,035][INFO ][o.e.p.PluginsService     ] [-f2T_Zf] loaded module [lang-painless]
[2017-03-17T21:50:07,035][INFO ][o.e.p.PluginsService     ] [-f2T_Zf] loaded module [percolator]
[2017-03-17T21:50:07,035][INFO ][o.e.p.PluginsService     ] [-f2T_Zf] loaded module [reindex]
[2017-03-17T21:50:07,035][INFO ][o.e.p.PluginsService     ] [-f2T_Zf] loaded module [transport-netty3]
[2017-03-17T21:50:07,036][INFO ][o.e.p.PluginsService     ] [-f2T_Zf] loaded module [transport-netty4]
[2017-03-17T21:50:07,036][INFO ][o.e.p.PluginsService     ] [-f2T_Zf] no plugins loaded
[2017-03-17T21:50:11,523][INFO ][o.e.n.Node               ] initialized
[2017-03-17T21:50:11,523][INFO ][o.e.n.Node               ] [-f2T_Zf] starting ...
[2017-03-17T21:50:12,437][INFO ][o.e.t.TransportService   ] [-f2T_Zf] publish_address {127.0.0.1:9300}, bound_addresses {[::1]:9300}, {127.0.0.1:9300}
[2017-03-17T21:50:12,442][WARN ][o.e.b.BootstrapChecks    ] [-f2T_Zf] max virtual memory areas vm.max_map_count [65530] is too low, increase to at least [262144]
[2017-03-17T21:50:15,523][INFO ][o.e.c.s.ClusterService   ] [-f2T_Zf] new_master {-f2T_Zf}{-f2T_ZfAQKSm8iOo5kl_jQ}{ZxLcj9y1SHGknXRQV2jxLQ}{127.0.0.1}{127.0.0.1:9300}, reason: zen-disco-elected-as-master ([0] nodes joined)
[2017-03-17T21:50:15,654][INFO ][o.e.h.HttpServer         ] [-f2T_Zf] publish_address {127.0.0.1:9200}, bound_addresses {[::1]:9200}, {127.0.0.1:9200}
[2017-03-17T21:50:15,654][INFO ][o.e.n.Node               ] [-f2T_Zf] started
[2017-03-17T21:50:16,069][INFO ][o.e.g.GatewayService     ] [-f2T_Zf] recovered [3] indices into cluster_state
[2017-03-17T21:50:16,992][INFO ][o.e.c.r.a.AllocationService] [-f2T_Zf] Cluster health status changed from [RED] to [YELLOW] (reason: [shards started [[.kibana][0]] ...]).
[2017-03-17T22:56:02,659][INFO ][o.e.c.m.MetaDataCreateIndexService] [-f2T_Zf] [megacorp] creating index, cause [auto(index api)], templates [], shards [5]/[1], mappings []
[2017-03-17T22:56:03,591][INFO ][o.e.c.m.MetaDataMappingService] [-f2T_Zf] [megacorp/HR9BpiA4T2Gi7h3qgPFJBQ] create_mapping [employee]
[2017-03-17T22:58:01,023][INFO ][o.e.c.m.MetaDataMappingService] [-f2T_Zf] [megacorp/HR9BpiA4T2Gi7h3qgPFJBQ] update_mapping [employee]
[2017-03-17T23:14:51,944][WARN ][o.e.m.j.JvmGcMonitorService] [-f2T_Zf] [gc][young][5073][3] duration [5.8s], collections [1]/[6.7s], total [5.8s]/[5.9s], memory [301.3mb]->[102.2mb]/[1.9gb], all_pools {[young] [257.3mb]->[16.6mb]/[266.2mb]}{[survivor] [33.2mb]->[33.2mb]/[33.2mb]}{[old] [10.6mb]->[52.3mb]/[1.6gb]}
[2017-03-17T23:14:51,989][WARN ][o.e.m.j.JvmGcMonitorService] [-f2T_Zf] [gc][5073] overhead, spent [5.8s] collecting in the last [6.7s]
[2017-03-17T23:21:18,131][INFO ][o.e.n.Node               ] [-f2T_Zf] stopping ...
[2017-03-17T23:21:18,326][INFO ][o.e.n.Node               ] [-f2T_Zf] stopped
[2017-03-17T23:21:18,327][INFO ][o.e.n.Node               ] [-f2T_Zf] closing ...
[2017-03-17T23:21:18,396][INFO ][o.e.n.Node               ] [-f2T_Zf] closed
