[2017-03-14T21:23:38,068][WARN ][o.e.d.s.g.GroovyScriptEngineService] [groovy] scripts are deprecated, use [painless] scripts instead
[2017-03-14T22:36:02,532][WARN ][o.e.d.i.m.StringFieldMapper$TypeParser] The [string] field is deprecated, please use [text] or [keyword] instead on [buildNum]
[2017-03-14T22:37:19,103][WARN ][o.e.d.i.m.StringFieldMapper$TypeParser] The [string] field is deprecated, please use [text] or [keyword] instead on [title]
[2017-03-14T22:37:19,103][WARN ][o.e.d.i.m.StringFieldMapper$TypeParser] The [string] field is deprecated, please use [text] or [keyword] instead on [timeFieldName]
[2017-03-14T22:37:19,137][WARN ][o.e.d.i.m.StringFieldMapper$TypeParser] The [string] field is deprecated, please use [text] or [keyword] instead on [intervalName]
[2017-03-14T22:37:19,138][WARN ][o.e.d.i.m.StringFieldMapper$TypeParser] The [string] field is deprecated, please use [text] or [keyword] instead on [fields]
[2017-03-14T22:37:19,138][WARN ][o.e.d.i.m.StringFieldMapper$TypeParser] The [string] field is deprecated, please use [text] or [keyword] instead on [sourceFilters]
[2017-03-14T22:37:19,138][WARN ][o.e.d.i.m.StringFieldMapper$TypeParser] The [string] field is deprecated, please use [text] or [keyword] instead on [fieldFormatMap]
[2017-03-14T22:37:19,141][WARN ][o.e.d.i.m.StringFieldMapper$TypeParser] The [string] field is deprecated, please use [text] or [keyword] instead on [title]
[2017-03-14T22:37:19,141][WARN ][o.e.d.i.m.StringFieldMapper$TypeParser] The [string] field is deprecated, please use [text] or [keyword] instead on [timeFieldName]
[2017-03-14T22:37:19,142][WARN ][o.e.d.i.m.StringFieldMapper$TypeParser] The [string] field is deprecated, please use [text] or [keyword] instead on [intervalName]
[2017-03-14T22:37:19,142][WARN ][o.e.d.i.m.StringFieldMapper$TypeParser] The [string] field is deprecated, please use [text] or [keyword] instead on [fields]
[2017-03-14T22:37:19,142][WARN ][o.e.d.i.m.StringFieldMapper$TypeParser] The [string] field is deprecated, please use [text] or [keyword] instead on [sourceFilters]
[2017-03-14T22:37:19,142][WARN ][o.e.d.i.m.StringFieldMapper$TypeParser] The [string] field is deprecated, please use [text] or [keyword] instead on [fieldFormatMap]
[2017-03-14T22:37:35,042][WARN ][o.e.d.i.m.StringFieldMapper$TypeParser] The [string] field is deprecated, please use [text] or [keyword] instead on [title]
[2017-03-14T22:37:35,059][WARN ][o.e.d.i.m.StringFieldMapper$TypeParser] The [string] field is deprecated, please use [text] or [keyword] instead on [description]
[2017-03-14T22:37:35,059][WARN ][o.e.d.i.m.StringFieldMapper$TypeParser] The [string] field is deprecated, please use [text] or [keyword] instead on [timelion_sheet]
[2017-03-14T22:37:35,059][WARN ][o.e.d.i.m.StringFieldMapper$TypeParser] The [string] field is deprecated, please use [text] or [keyword] instead on [timelion_interval]
[2017-03-14T22:37:35,060][WARN ][o.e.d.i.m.StringFieldMapper$TypeParser] The [string] field is deprecated, please use [text] or [keyword] instead on [timelion_other_interval]
[2017-03-14T22:37:35,060][WARN ][o.e.d.i.m.StringFieldMapper$TypeParser] The [string] field is deprecated, please use [text] or [keyword] instead on [searchSourceJSON]
[2017-03-14T22:37:35,062][WARN ][o.e.d.i.m.StringFieldMapper$TypeParser] The [string] field is deprecated, please use [text] or [keyword] instead on [title]
[2017-03-14T22:37:35,062][WARN ][o.e.d.i.m.StringFieldMapper$TypeParser] The [string] field is deprecated, please use [text] or [keyword] instead on [description]
[2017-03-14T22:37:35,063][WARN ][o.e.d.i.m.StringFieldMapper$TypeParser] The [string] field is deprecated, please use [text] or [keyword] instead on [timelion_sheet]
[2017-03-14T22:37:35,063][WARN ][o.e.d.i.m.StringFieldMapper$TypeParser] The [string] field is deprecated, please use [text] or [keyword] instead on [timelion_interval]
[2017-03-14T22:37:35,063][WARN ][o.e.d.i.m.StringFieldMapper$TypeParser] The [string] field is deprecated, please use [text] or [keyword] instead on [timelion_other_interval]
[2017-03-14T22:37:35,063][WARN ][o.e.d.i.m.StringFieldMapper$TypeParser] The [string] field is deprecated, please use [text] or [keyword] instead on [searchSourceJSON]
[2017-03-14T22:37:35,395][WARN ][o.e.d.i.q.QueryParseContext] query malformed, empty clause found at [1:143]
[2017-03-15T20:54:54,771][WARN ][o.e.d.s.g.GroovyScriptEngineService] [groovy] scripts are deprecated, use [painless] scripts instead
[2017-03-16T20:42:08,607][WARN ][o.e.d.s.g.GroovyScriptEngineService] [groovy] scripts are deprecated, use [painless] scripts instead
[2017-03-17T21:50:07,698][WARN ][o.e.d.s.g.GroovyScriptEngineService] [groovy] scripts are deprecated, use [painless] scripts instead
[2017-03-19T14:43:53,352][WARN ][o.e.d.s.g.GroovyScriptEngineService] [groovy] scripts are deprecated, use [painless] scripts instead
[2017-03-19T16:34:42,950][WARN ][o.e.d.i.q.QueryParseContext] query malformed, empty clause found at [1:143]
[2017-03-19T16:35:36,282][WARN ][o.e.d.i.q.QueryParseContext] query malformed, empty clause found at [1:143]
[2017-03-19T19:50:41,481][WARN ][o.e.d.s.g.GroovyScriptEngineService] [groovy] scripts are deprecated, use [painless] scripts instead
[2017-03-20T20:03:47,019][WARN ][o.e.d.s.g.GroovyScriptEngineService] [groovy] scripts are deprecated, use [painless] scripts instead
[2017-03-20T20:28:38,898][WARN ][o.e.d.r.a.a.i.RestAnalyzeAction] analyzer request parameter is deprecated and will be removed in the next major release. Please use the JSON in the request body instead request param
[2017-03-20T20:28:38,901][WARN ][o.e.d.r.a.a.i.RestAnalyzeAction]  plain text bodies is deprecated and this feature will be removed in the next major release. Please use the text param in JSON
[2017-03-20T21:34:13,078][WARN ][o.e.d.i.m.StringFieldMapper$TypeParser] The [string] field is deprecated, please use [text] or [keyword] instead on [name]
[2017-03-20T21:34:13,079][WARN ][o.e.d.i.m.StringFieldMapper$TypeParser] The [string] field is deprecated, please use [text] or [keyword] instead on [tweet]
[2017-03-20T21:34:47,644][WARN ][o.e.d.i.m.StringFieldMapper$TypeParser] The [string] field is deprecated, please use [text] or [keyword] instead on [tag]
[2017-03-20T21:34:47,645][WARN ][o.e.d.i.m.StringFieldMapper$TypeParser] The [string] field is deprecated, please use [text] or [keyword] instead on [tag]
[2017-03-20T21:35:12,026][WARN ][o.e.d.r.a.a.i.RestAnalyzeAction] field request parameter is deprecated and will be removed in the next major release. Please use the JSON in the request body instead request param
[2017-03-20T21:35:32,245][WARN ][o.e.d.r.a.a.i.RestAnalyzeAction] field request parameter is deprecated and will be removed in the next major release. Please use the JSON in the request body instead request param
[2017-03-20T21:35:32,245][WARN ][o.e.d.r.a.a.i.RestAnalyzeAction]  plain text bodies is deprecated and this feature will be removed in the next major release. Please use the text param in JSON
[2017-03-20T21:35:53,787][WARN ][o.e.d.r.a.a.i.RestAnalyzeAction] field request parameter is deprecated and will be removed in the next major release. Please use the JSON in the request body instead request param
[2017-03-20T21:35:53,787][WARN ][o.e.d.r.a.a.i.RestAnalyzeAction]  plain text bodies is deprecated and this feature will be removed in the next major release. Please use the text param in JSON
[2017-03-20T21:36:13,856][WARN ][o.e.d.r.a.a.i.RestAnalyzeAction] field request parameter is deprecated and will be removed in the next major release. Please use the JSON in the request body instead request param
[2017-03-20T21:36:13,856][WARN ][o.e.d.r.a.a.i.RestAnalyzeAction]  plain text bodies is deprecated and this feature will be removed in the next major release. Please use the text param in JSON
[2017-03-21T21:11:28,667][WARN ][o.e.d.s.g.GroovyScriptEngineService] [groovy] scripts are deprecated, use [painless] scripts instead
[2017-03-22T08:46:04,349][WARN ][o.e.d.s.g.GroovyScriptEngineService] [groovy] scripts are deprecated, use [painless] scripts instead
[2017-03-22T09:42:14,511][WARN ][o.e.d.r.a.a.i.RestAnalyzeAction] analyzer request parameter is deprecated and will be removed in the next major release. Please use the JSON in the request body instead request param
[2017-03-22T09:42:14,542][WARN ][o.e.d.r.a.a.i.RestAnalyzeAction]  plain text bodies is deprecated and this feature will be removed in the next major release. Please use the text param in JSON
[2017-03-22T09:43:41,729][WARN ][o.e.d.r.a.a.i.RestAnalyzeAction] analyzer request parameter is deprecated and will be removed in the next major release. Please use the JSON in the request body instead request param
[2017-03-22T09:43:41,730][WARN ][o.e.d.r.a.a.i.RestAnalyzeAction]  plain text bodies is deprecated and this feature will be removed in the next major release. Please use the text param in JSON
[2017-03-22T09:43:56,013][WARN ][o.e.d.r.a.a.i.RestAnalyzeAction] analyzer request parameter is deprecated and will be removed in the next major release. Please use the JSON in the request body instead request param
[2017-03-22T09:43:56,014][WARN ][o.e.d.r.a.a.i.RestAnalyzeAction]  plain text bodies is deprecated and this feature will be removed in the next major release. Please use the text param in JSON
[2017-03-22T09:46:12,073][WARN ][o.e.d.r.a.a.i.RestAnalyzeAction] analyzer request parameter is deprecated and will be removed in the next major release. Please use the JSON in the request body instead request param
[2017-03-22T09:46:12,073][WARN ][o.e.d.r.a.a.i.RestAnalyzeAction]  plain text bodies is deprecated and this feature will be removed in the next major release. Please use the text param in JSON
[2017-03-22T09:46:17,692][WARN ][o.e.d.r.a.a.i.RestAnalyzeAction] analyzer request parameter is deprecated and will be removed in the next major release. Please use the JSON in the request body instead request param
[2017-03-22T09:46:17,693][WARN ][o.e.d.r.a.a.i.RestAnalyzeAction]  plain text bodies is deprecated and this feature will be removed in the next major release. Please use the text param in JSON
[2017-03-22T09:54:10,231][WARN ][o.e.d.r.a.a.i.RestAnalyzeAction] analyzer request parameter is deprecated and will be removed in the next major release. Please use the JSON in the request body instead request param
[2017-03-22T09:54:10,231][WARN ][o.e.d.r.a.a.i.RestAnalyzeAction]  plain text bodies is deprecated and this feature will be removed in the next major release. Please use the text param in JSON
[2017-03-22T10:08:40,824][WARN ][o.e.d.r.a.a.i.RestAnalyzeAction] analyzer request parameter is deprecated and will be removed in the next major release. Please use the JSON in the request body instead request param
[2017-03-22T10:08:40,824][WARN ][o.e.d.r.a.a.i.RestAnalyzeAction]  plain text bodies is deprecated and this feature will be removed in the next major release. Please use the text param in JSON
[2017-03-22T22:49:48,237][WARN ][o.e.d.s.g.GroovyScriptEngineService] [groovy] scripts are deprecated, use [painless] scripts instead
[2017-03-23T21:00:39,965][WARN ][o.e.d.s.g.GroovyScriptEngineService] [groovy] scripts are deprecated, use [painless] scripts instead
[2017-03-24T08:52:35,708][WARN ][o.e.d.s.g.GroovyScriptEngineService] [groovy] scripts are deprecated, use [painless] scripts instead
[2017-03-24T09:29:39,770][WARN ][o.e.d.i.m.StringFieldMapper$TypeParser] The [string] field is deprecated, please use [text] or [keyword] instead on [title]
[2017-03-24T09:29:39,771][WARN ][o.e.d.i.m.StringFieldMapper$TypeParser] The [string] field is deprecated, please use [text] or [keyword] instead on [body]
[2017-03-24T20:00:18,615][WARN ][o.e.d.s.g.GroovyScriptEngineService] [groovy] scripts are deprecated, use [painless] scripts instead
[2017-03-24T20:27:17,238][WARN ][o.e.d.i.m.StringFieldMapper$TypeParser] The [string] field is deprecated, please use [text] or [keyword] instead on [description]
[2017-03-24T20:27:17,246][WARN ][o.e.d.i.m.StringFieldMapper$TypeParser] The [string] field is deprecated, please use [text] or [keyword] instead on [title]
[2017-03-24T20:27:17,246][WARN ][o.e.d.i.m.StringFieldMapper$TypeParser] The [string] field is deprecated, please use [text] or [keyword] instead on [content]
[2017-03-24T20:27:17,246][WARN ][o.e.d.i.m.StringFieldMapper$TypeParser] The [string] field is deprecated, please use [text] or [keyword] instead on [url]
[2017-03-24T23:40:54,183][WARN ][o.e.d.c.ParseField       ] Deprecated field [slop] used, replaced by [match_phrase query]
[2017-03-24T23:40:54,255][WARN ][o.e.d.c.ParseField       ] Deprecated field [slop] used, replaced by [match_phrase query]
[2017-03-24T23:40:54,255][WARN ][o.e.d.c.ParseField       ] Deprecated field [slop] used, replaced by [match_phrase query]
[2017-03-24T23:40:54,255][WARN ][o.e.d.c.ParseField       ] Deprecated field [slop] used, replaced by [match_phrase query]
[2017-03-24T23:42:02,416][WARN ][o.e.d.c.ParseField       ] Deprecated field [slop] used, replaced by [match_phrase query]
[2017-03-24T23:42:02,416][WARN ][o.e.d.c.ParseField       ] Deprecated field [slop] used, replaced by [match_phrase query]
[2017-03-24T23:42:02,416][WARN ][o.e.d.c.ParseField       ] Deprecated field [slop] used, replaced by [match_phrase query]
[2017-03-24T23:42:44,057][WARN ][o.e.d.c.ParseField       ] Deprecated field [slop] used, replaced by [match_phrase query]
[2017-03-24T23:42:44,057][WARN ][o.e.d.c.ParseField       ] Deprecated field [slop] used, replaced by [match_phrase query]
[2017-03-24T23:42:44,057][WARN ][o.e.d.c.ParseField       ] Deprecated field [slop] used, replaced by [match_phrase query]
[2017-03-24T23:42:44,057][WARN ][o.e.d.c.ParseField       ] Deprecated field [slop] used, replaced by [match_phrase query]
[2017-03-24T23:45:07,297][WARN ][o.e.d.c.ParseField       ] Deprecated field [slop] used, replaced by [match_phrase query]
[2017-03-24T23:45:07,298][WARN ][o.e.d.c.ParseField       ] Deprecated field [slop] used, replaced by [match_phrase query]
[2017-03-24T23:45:07,298][WARN ][o.e.d.c.ParseField       ] Deprecated field [slop] used, replaced by [match_phrase query]
[2017-03-24T23:45:07,298][WARN ][o.e.d.c.ParseField       ] Deprecated field [slop] used, replaced by [match_phrase query]
[2017-03-24T23:45:39,124][WARN ][o.e.d.c.ParseField       ] Deprecated field [slop] used, replaced by [match_phrase query]
[2017-03-24T23:45:39,124][WARN ][o.e.d.c.ParseField       ] Deprecated field [slop] used, replaced by [match_phrase query]
[2017-03-24T23:45:39,124][WARN ][o.e.d.c.ParseField       ] Deprecated field [slop] used, replaced by [match_phrase query]
[2017-03-24T23:45:39,124][WARN ][o.e.d.c.ParseField       ] Deprecated field [slop] used, replaced by [match_phrase query]
[2017-03-24T23:46:21,971][WARN ][o.e.d.c.ParseField       ] Deprecated field [slop] used, replaced by [match_phrase query]
[2017-03-24T23:46:21,971][WARN ][o.e.d.c.ParseField       ] Deprecated field [slop] used, replaced by [match_phrase query]
[2017-03-24T23:46:21,971][WARN ][o.e.d.c.ParseField       ] Deprecated field [slop] used, replaced by [match_phrase query]
[2017-03-24T23:46:21,971][WARN ][o.e.d.c.ParseField       ] Deprecated field [slop] used, replaced by [match_phrase query]
[2017-03-24T23:47:16,775][WARN ][o.e.d.c.ParseField       ] Deprecated field [slop] used, replaced by [match_phrase query]
[2017-03-24T23:47:16,775][WARN ][o.e.d.c.ParseField       ] Deprecated field [slop] used, replaced by [match_phrase query]
[2017-03-24T23:47:16,775][WARN ][o.e.d.c.ParseField       ] Deprecated field [slop] used, replaced by [match_phrase query]
[2017-03-24T23:47:16,775][WARN ][o.e.d.c.ParseField       ] Deprecated field [slop] used, replaced by [match_phrase query]
[2017-03-24T23:58:45,713][WARN ][o.e.d.s.g.GroovyScriptEngineService] [groovy] scripts are deprecated, use [painless] scripts instead
[2017-03-25T00:00:45,468][WARN ][o.e.d.c.ParseField       ] Deprecated field [slop] used, replaced by [match_phrase query]
[2017-03-25T00:00:45,469][WARN ][o.e.d.c.ParseField       ] Deprecated field [slop] used, replaced by [match_phrase query]
[2017-03-25T00:00:58,337][WARN ][o.e.d.c.ParseField       ] Deprecated field [slop] used, replaced by [match_phrase query]
[2017-03-25T00:00:58,337][WARN ][o.e.d.c.ParseField       ] Deprecated field [slop] used, replaced by [match_phrase query]
[2017-03-25T00:00:58,337][WARN ][o.e.d.c.ParseField       ] Deprecated field [slop] used, replaced by [match_phrase query]
[2017-03-25T00:01:05,560][WARN ][o.e.d.c.ParseField       ] Deprecated field [slop] used, replaced by [match_phrase query]
[2017-03-25T00:01:05,561][WARN ][o.e.d.c.ParseField       ] Deprecated field [slop] used, replaced by [match_phrase query]
[2017-03-25T00:01:05,561][WARN ][o.e.d.c.ParseField       ] Deprecated field [slop] used, replaced by [match_phrase query]
[2017-03-25T00:01:05,561][WARN ][o.e.d.c.ParseField       ] Deprecated field [slop] used, replaced by [match_phrase query]
[2017-03-25T21:06:26,431][WARN ][o.e.d.s.g.GroovyScriptEngineService] [groovy] scripts are deprecated, use [painless] scripts instead
[2017-03-25T21:42:57,740][WARN ][o.e.d.c.ParseField       ] Deprecated field [slop] used, replaced by [match_phrase query]
[2017-03-25T21:42:57,748][WARN ][o.e.d.c.ParseField       ] Deprecated field [slop] used, replaced by [match_phrase query]
[2017-03-25T21:42:57,751][WARN ][o.e.d.c.ParseField       ] Deprecated field [slop] used, replaced by [match_phrase query]
[2017-03-25T21:42:57,751][WARN ][o.e.d.c.ParseField       ] Deprecated field [slop] used, replaced by [match_phrase query]
[2017-03-26T09:07:13,322][WARN ][o.e.d.s.g.GroovyScriptEngineService] [groovy] scripts are deprecated, use [painless] scripts instead
[2017-03-26T09:28:42,469][WARN ][o.e.d.c.ParseField       ] Deprecated field [slop] used, replaced by [match_phrase query]
[2017-03-26T09:28:42,482][WARN ][o.e.d.c.ParseField       ] Deprecated field [slop] used, replaced by [match_phrase query]
[2017-03-26T09:28:42,482][WARN ][o.e.d.c.ParseField       ] Deprecated field [slop] used, replaced by [match_phrase query]
[2017-03-26T09:28:42,482][WARN ][o.e.d.c.ParseField       ] Deprecated field [slop] used, replaced by [match_phrase query]
[2017-03-26T09:30:14,236][WARN ][o.e.d.c.ParseField       ] Deprecated field [slop] used, replaced by [match_phrase query]
[2017-03-26T09:30:14,236][WARN ][o.e.d.c.ParseField       ] Deprecated field [slop] used, replaced by [match_phrase query]
[2017-03-26T09:30:14,236][WARN ][o.e.d.c.ParseField       ] Deprecated field [slop] used, replaced by [match_phrase query]
[2017-03-26T09:30:14,236][WARN ][o.e.d.c.ParseField       ] Deprecated field [slop] used, replaced by [match_phrase query]
[2017-03-26T09:31:08,954][WARN ][o.e.d.c.ParseField       ] Deprecated field [slop] used, replaced by [match_phrase query]
[2017-03-26T09:31:08,954][WARN ][o.e.d.c.ParseField       ] Deprecated field [slop] used, replaced by [match_phrase query]
[2017-03-26T09:31:08,955][WARN ][o.e.d.c.ParseField       ] Deprecated field [slop] used, replaced by [match_phrase query]
[2017-03-26T09:31:08,955][WARN ][o.e.d.c.ParseField       ] Deprecated field [slop] used, replaced by [match_phrase query]
[2017-03-27T19:52:29,684][WARN ][o.e.d.s.g.GroovyScriptEngineService] [groovy] scripts are deprecated, use [painless] scripts instead
[2017-03-27T19:54:02,247][WARN ][o.e.d.c.ParseField       ] Deprecated field [slop] used, replaced by [match_phrase query]
[2017-03-27T19:54:02,248][WARN ][o.e.d.c.ParseField       ] Deprecated field [slop] used, replaced by [match_phrase query]
[2017-03-27T19:54:02,248][WARN ][o.e.d.c.ParseField       ] Deprecated field [slop] used, replaced by [match_phrase query]
[2017-03-27T19:54:02,248][WARN ][o.e.d.c.ParseField       ] Deprecated field [slop] used, replaced by [match_phrase query]
[2017-03-27T19:54:43,243][WARN ][o.e.d.c.ParseField       ] Deprecated field [slop] used, replaced by [match_phrase query]
[2017-03-27T19:54:43,243][WARN ][o.e.d.c.ParseField       ] Deprecated field [slop] used, replaced by [match_phrase query]
[2017-03-27T19:54:43,243][WARN ][o.e.d.c.ParseField       ] Deprecated field [slop] used, replaced by [match_phrase query]
[2017-03-27T19:54:43,243][WARN ][o.e.d.c.ParseField       ] Deprecated field [slop] used, replaced by [match_phrase query]
[2017-03-27T19:55:09,100][WARN ][o.e.d.c.ParseField       ] Deprecated field [slop] used, replaced by [match_phrase query]
[2017-03-27T19:55:09,101][WARN ][o.e.d.c.ParseField       ] Deprecated field [slop] used, replaced by [match_phrase query]
[2017-03-27T19:55:09,101][WARN ][o.e.d.c.ParseField       ] Deprecated field [slop] used, replaced by [match_phrase query]
[2017-03-27T19:55:09,101][WARN ][o.e.d.c.ParseField       ] Deprecated field [slop] used, replaced by [match_phrase query]
[2017-03-27T20:23:57,395][WARN ][o.e.d.c.ParseField       ] Deprecated field [slop] used, replaced by [match_phrase query]
[2017-03-27T20:23:57,396][WARN ][o.e.d.c.ParseField       ] Deprecated field [slop] used, replaced by [match_phrase query]
[2017-03-27T20:23:57,396][WARN ][o.e.d.c.ParseField       ] Deprecated field [slop] used, replaced by [match_phrase query]
[2017-03-27T20:23:57,396][WARN ][o.e.d.c.ParseField       ] Deprecated field [slop] used, replaced by [match_phrase query]
[2017-03-28T09:34:03,937][WARN ][o.e.d.s.g.GroovyScriptEngineService] [groovy] scripts are deprecated, use [painless] scripts instead
[2017-03-28T09:41:33,120][WARN ][o.e.d.c.ParseField       ] Deprecated field [slop] used, replaced by [match_phrase query]
[2017-03-28T09:41:33,126][WARN ][o.e.d.c.ParseField       ] Deprecated field [slop] used, replaced by [match_phrase query]
[2017-03-28T09:41:33,126][WARN ][o.e.d.c.ParseField       ] Deprecated field [slop] used, replaced by [match_phrase query]
[2017-03-28T09:41:33,126][WARN ][o.e.d.c.ParseField       ] Deprecated field [slop] used, replaced by [match_phrase query]
[2017-03-28T09:41:50,757][WARN ][o.e.d.c.ParseField       ] Deprecated field [slop] used, replaced by [match_phrase query]
[2017-03-28T09:41:50,757][WARN ][o.e.d.c.ParseField       ] Deprecated field [slop] used, replaced by [match_phrase query]
[2017-03-28T09:41:50,757][WARN ][o.e.d.c.ParseField       ] Deprecated field [slop] used, replaced by [match_phrase query]
[2017-03-28T09:41:50,757][WARN ][o.e.d.c.ParseField       ] Deprecated field [slop] used, replaced by [match_phrase query]
[2017-04-03T15:36:14,575][WARN ][o.e.d.s.g.GroovyScriptEngineService] [groovy] scripts are deprecated, use [painless] scripts instead
[2017-04-03T15:43:42,377][WARN ][o.e.d.c.ParseField       ] Deprecated field [slop] used, replaced by [match_phrase query]
[2017-04-03T15:43:42,485][WARN ][o.e.d.c.ParseField       ] Deprecated field [slop] used, replaced by [match_phrase query]
[2017-04-03T15:43:42,485][WARN ][o.e.d.c.ParseField       ] Deprecated field [slop] used, replaced by [match_phrase query]
[2017-04-03T15:43:42,485][WARN ][o.e.d.c.ParseField       ] Deprecated field [slop] used, replaced by [match_phrase query]
[2017-04-04T11:10:51,822][WARN ][o.e.d.s.g.GroovyScriptEngineService] [groovy] scripts are deprecated, use [painless] scripts instead
[2017-04-04T20:15:03,556][WARN ][o.e.d.s.g.GroovyScriptEngineService] [groovy] scripts are deprecated, use [painless] scripts instead
[2017-04-04T20:34:24,752][WARN ][o.e.d.c.ParseField       ] Deprecated field [slop] used, replaced by [match_phrase query]
[2017-04-04T20:34:24,767][WARN ][o.e.d.c.ParseField       ] Deprecated field [slop] used, replaced by [match_phrase query]
[2017-04-04T20:34:24,768][WARN ][o.e.d.c.ParseField       ] Deprecated field [slop] used, replaced by [match_phrase query]
[2017-04-04T20:34:24,768][WARN ][o.e.d.c.ParseField       ] Deprecated field [slop] used, replaced by [match_phrase query]
[2017-04-04T20:35:08,002][WARN ][o.e.d.c.ParseField       ] Deprecated field [slop] used, replaced by [match_phrase query]
[2017-04-04T20:35:08,002][WARN ][o.e.d.c.ParseField       ] Deprecated field [slop] used, replaced by [match_phrase query]
[2017-04-04T20:35:08,002][WARN ][o.e.d.c.ParseField       ] Deprecated field [slop] used, replaced by [match_phrase query]
[2017-04-04T20:35:08,003][WARN ][o.e.d.c.ParseField       ] Deprecated field [slop] used, replaced by [match_phrase query]
[2017-04-04T20:40:07,233][WARN ][o.e.d.c.ParseField       ] Deprecated field [slop] used, replaced by [match_phrase query]
[2017-04-04T20:40:07,241][WARN ][o.e.d.c.ParseField       ] Deprecated field [slop] used, replaced by [match_phrase query]
[2017-04-04T20:40:23,765][WARN ][o.e.d.c.ParseField       ] Deprecated field [slop] used, replaced by [match_phrase query]
[2017-04-04T20:40:23,766][WARN ][o.e.d.c.ParseField       ] Deprecated field [slop] used, replaced by [match_phrase query]
[2017-04-04T21:14:46,585][WARN ][o.e.d.i.m.StringFieldMapper$TypeParser] The [string] field is deprecated, please use [text] or [keyword] instead on [text]
[2017-04-04T21:17:41,121][WARN ][o.e.d.i.m.StringFieldMapper$TypeParser] The [string] field is deprecated, please use [text] or [keyword] instead on [text]
[2017-04-04T21:23:33,687][WARN ][o.e.d.c.ParseField       ] Deprecated field [slop] used, replaced by [match_phrase query]
[2017-04-04T21:23:33,687][WARN ][o.e.d.c.ParseField       ] Deprecated field [slop] used, replaced by [match_phrase query]
[2017-04-04T21:23:33,687][WARN ][o.e.d.c.ParseField       ] Deprecated field [slop] used, replaced by [match_phrase query]
[2017-04-04T21:23:33,687][WARN ][o.e.d.c.ParseField       ] Deprecated field [slop] used, replaced by [match_phrase query]
