[2017-03-26T09:07:10,569][INFO ][o.e.n.Node               ] [] initializing ...
[2017-03-26T09:07:10,698][INFO ][o.e.e.NodeEnvironment    ] [-f2T_Zf] using [1] data paths, mounts [[/ (/dev/sda4)]], net usable_space [20.1gb], net total_space [52.3gb], spins? [possibly], types [ext4]
[2017-03-26T09:07:10,699][INFO ][o.e.e.NodeEnvironment    ] [-f2T_Zf] heap size [1.9gb], compressed ordinary object pointers [true]
[2017-03-26T09:07:11,833][INFO ][o.e.n.Node               ] node name [-f2T_Zf] derived from node ID [-f2T_ZfAQKSm8iOo5kl_jQ]; set [node.name] to override
[2017-03-26T09:07:11,837][INFO ][o.e.n.Node               ] version[5.2.2], pid[4065], build[f9d9b74/2017-02-24T17:26:45.835Z], OS[Linux/4.4.0-66-generic/amd64], JVM[Oracle Corporation/OpenJDK 64-Bit Server VM/1.8.0_121/25.121-b13]
[2017-03-26T09:07:13,042][INFO ][o.e.p.PluginsService     ] [-f2T_Zf] loaded module [aggs-matrix-stats]
[2017-03-26T09:07:13,043][INFO ][o.e.p.PluginsService     ] [-f2T_Zf] loaded module [ingest-common]
[2017-03-26T09:07:13,043][INFO ][o.e.p.PluginsService     ] [-f2T_Zf] loaded module [lang-expression]
[2017-03-26T09:07:13,043][INFO ][o.e.p.PluginsService     ] [-f2T_Zf] loaded module [lang-groovy]
[2017-03-26T09:07:13,043][INFO ][o.e.p.PluginsService     ] [-f2T_Zf] loaded module [lang-mustache]
[2017-03-26T09:07:13,044][INFO ][o.e.p.PluginsService     ] [-f2T_Zf] loaded module [lang-painless]
[2017-03-26T09:07:13,044][INFO ][o.e.p.PluginsService     ] [-f2T_Zf] loaded module [percolator]
[2017-03-26T09:07:13,044][INFO ][o.e.p.PluginsService     ] [-f2T_Zf] loaded module [reindex]
[2017-03-26T09:07:13,044][INFO ][o.e.p.PluginsService     ] [-f2T_Zf] loaded module [transport-netty3]
[2017-03-26T09:07:13,044][INFO ][o.e.p.PluginsService     ] [-f2T_Zf] loaded module [transport-netty4]
[2017-03-26T09:07:13,046][INFO ][o.e.p.PluginsService     ] [-f2T_Zf] no plugins loaded
[2017-03-26T09:07:15,641][INFO ][o.e.n.Node               ] initialized
[2017-03-26T09:07:15,642][INFO ][o.e.n.Node               ] [-f2T_Zf] starting ...
[2017-03-26T09:07:15,822][INFO ][o.e.t.TransportService   ] [-f2T_Zf] publish_address {127.0.0.1:9300}, bound_addresses {[::1]:9300}, {127.0.0.1:9300}
[2017-03-26T09:07:15,830][WARN ][o.e.b.BootstrapChecks    ] [-f2T_Zf] max virtual memory areas vm.max_map_count [65530] is too low, increase to at least [262144]
[2017-03-26T09:07:18,949][INFO ][o.e.c.s.ClusterService   ] [-f2T_Zf] new_master {-f2T_Zf}{-f2T_ZfAQKSm8iOo5kl_jQ}{EufcPv_jS5G4ZKthAduhVA}{127.0.0.1}{127.0.0.1:9300}, reason: zen-disco-elected-as-master ([0] nodes joined)
[2017-03-26T09:07:18,977][INFO ][o.e.h.HttpServer         ] [-f2T_Zf] publish_address {127.0.0.1:9200}, bound_addresses {[::1]:9200}, {127.0.0.1:9200}
[2017-03-26T09:07:18,977][INFO ][o.e.n.Node               ] [-f2T_Zf] started
[2017-03-26T09:07:20,231][INFO ][o.e.g.GatewayService     ] [-f2T_Zf] recovered [8] indices into cluster_state
[2017-03-26T09:07:22,199][INFO ][o.e.c.r.a.AllocationService] [-f2T_Zf] Cluster health status changed from [RED] to [YELLOW] (reason: [shards started [[.kibana][0]] ...]).
[2017-03-26T09:36:26,026][WARN ][o.e.m.j.JvmGcMonitorService] [-f2T_Zf] [gc][young][1744][3] duration [5.8s], collections [1]/[6.8s], total [5.8s]/[6s], memory [306.3mb]->[85mb]/[1.9gb], all_pools {[young] [266mb]->[1.1mb]/[266.2mb]}{[survivor] [31.8mb]->[33.2mb]/[33.2mb]}{[old] [8.3mb]->[51.3mb]/[1.6gb]}
[2017-03-26T09:36:26,035][WARN ][o.e.m.j.JvmGcMonitorService] [-f2T_Zf] [gc][1744] overhead, spent [5.8s] collecting in the last [6.8s]
[2017-03-26T10:25:11,141][INFO ][o.e.n.Node               ] [-f2T_Zf] stopping ...
[2017-03-26T10:25:12,090][INFO ][o.e.n.Node               ] [-f2T_Zf] stopped
[2017-03-26T10:25:12,097][INFO ][o.e.n.Node               ] [-f2T_Zf] closing ...
[2017-03-26T10:25:12,327][INFO ][o.e.n.Node               ] [-f2T_Zf] closed
