[2017-03-15T20:54:20,006][INFO ][o.e.n.Node               ] [] initializing ...
[2017-03-15T20:54:24,989][INFO ][o.e.e.NodeEnvironment    ] [-f2T_Zf] using [1] data paths, mounts [[/ (/dev/sda4)]], net usable_space [20gb], net total_space [52.3gb], spins? [possibly], types [ext4]
[2017-03-15T20:54:24,989][INFO ][o.e.e.NodeEnvironment    ] [-f2T_Zf] heap size [1.9gb], compressed ordinary object pointers [true]
[2017-03-15T20:54:25,350][INFO ][o.e.n.Node               ] node name [-f2T_Zf] derived from node ID [-f2T_ZfAQKSm8iOo5kl_jQ]; set [node.name] to override
[2017-03-15T20:54:25,430][INFO ][o.e.n.Node               ] version[5.2.2], pid[4118], build[f9d9b74/2017-02-24T17:26:45.835Z], OS[Linux/4.4.0-66-generic/amd64], JVM[Oracle Corporation/OpenJDK 64-Bit Server VM/1.8.0_121/25.121-b13]
[2017-03-15T20:54:53,909][INFO ][o.e.p.PluginsService     ] [-f2T_Zf] loaded module [aggs-matrix-stats]
[2017-03-15T20:54:53,910][INFO ][o.e.p.PluginsService     ] [-f2T_Zf] loaded module [ingest-common]
[2017-03-15T20:54:53,910][INFO ][o.e.p.PluginsService     ] [-f2T_Zf] loaded module [lang-expression]
[2017-03-15T20:54:53,910][INFO ][o.e.p.PluginsService     ] [-f2T_Zf] loaded module [lang-groovy]
[2017-03-15T20:54:53,910][INFO ][o.e.p.PluginsService     ] [-f2T_Zf] loaded module [lang-mustache]
[2017-03-15T20:54:53,910][INFO ][o.e.p.PluginsService     ] [-f2T_Zf] loaded module [lang-painless]
[2017-03-15T20:54:53,910][INFO ][o.e.p.PluginsService     ] [-f2T_Zf] loaded module [percolator]
[2017-03-15T20:54:53,910][INFO ][o.e.p.PluginsService     ] [-f2T_Zf] loaded module [reindex]
[2017-03-15T20:54:53,910][INFO ][o.e.p.PluginsService     ] [-f2T_Zf] loaded module [transport-netty3]
[2017-03-15T20:54:53,911][INFO ][o.e.p.PluginsService     ] [-f2T_Zf] loaded module [transport-netty4]
[2017-03-15T20:54:53,912][INFO ][o.e.p.PluginsService     ] [-f2T_Zf] no plugins loaded
[2017-03-15T20:54:58,518][INFO ][o.e.n.Node               ] initialized
[2017-03-15T20:54:58,518][INFO ][o.e.n.Node               ] [-f2T_Zf] starting ...
[2017-03-15T20:54:59,716][INFO ][o.e.t.TransportService   ] [-f2T_Zf] publish_address {127.0.0.1:9300}, bound_addresses {[::1]:9300}, {127.0.0.1:9300}
[2017-03-15T20:54:59,722][WARN ][o.e.b.BootstrapChecks    ] [-f2T_Zf] max virtual memory areas vm.max_map_count [65530] is too low, increase to at least [262144]
[2017-03-15T20:55:01,577][WARN ][o.e.m.j.JvmGcMonitorService] [-f2T_Zf] [gc][3] overhead, spent [1s] collecting in the last [1s]
[2017-03-15T20:55:02,786][INFO ][o.e.c.s.ClusterService   ] [-f2T_Zf] new_master {-f2T_Zf}{-f2T_ZfAQKSm8iOo5kl_jQ}{LO0tTuheRsCeRQV290TYiA}{127.0.0.1}{127.0.0.1:9300}, reason: zen-disco-elected-as-master ([0] nodes joined)
[2017-03-15T20:55:02,981][INFO ][o.e.h.HttpServer         ] [-f2T_Zf] publish_address {127.0.0.1:9200}, bound_addresses {[::1]:9200}, {127.0.0.1:9200}
[2017-03-15T20:55:02,981][INFO ][o.e.n.Node               ] [-f2T_Zf] started
[2017-03-15T20:55:03,398][INFO ][o.e.g.GatewayService     ] [-f2T_Zf] recovered [1] indices into cluster_state
[2017-03-15T20:55:03,716][INFO ][o.e.c.r.a.AllocationService] [-f2T_Zf] Cluster health status changed from [RED] to [YELLOW] (reason: [shards started [[.kibana][0]] ...]).
[2017-03-15T21:22:31,371][INFO ][o.e.c.m.MetaDataCreateIndexService] [-f2T_Zf] [customer] creating index, cause [api], templates [], shards [5]/[1], mappings []
[2017-03-15T21:33:10,126][WARN ][o.e.m.j.JvmGcMonitorService] [-f2T_Zf] [gc][young][2271][3] duration [17.8s], collections [1]/[18s], total [17.8s]/[18.2s], memory [308.8mb]->[162.4mb]/[1.9gb], all_pools {[young] [265.1mb]->[2mb]/[266.2mb]}{[survivor] [33.2mb]->[29.2mb]/[33.2mb]}{[old] [10.5mb]->[131mb]/[1.6gb]}
[2017-03-15T21:33:10,132][WARN ][o.e.m.j.JvmGcMonitorService] [-f2T_Zf] [gc][2271] overhead, spent [17.8s] collecting in the last [18s]
[2017-03-15T21:33:52,387][INFO ][o.e.c.m.MetaDataMappingService] [-f2T_Zf] [customer/LVrCq-QPRL2MgH8EMNC3tA] create_mapping [external]
[2017-03-15T22:33:33,501][WARN ][o.e.m.j.JvmGcMonitorService] [-f2T_Zf] [gc][young][5890][4] duration [3.7s], collections [1]/[4.2s], total [3.7s]/[21.9s], memory [426.6mb]->[162.5mb]/[1.9gb], all_pools {[young] [266.2mb]->[1.5mb]/[266.2mb]}{[survivor] [29.2mb]->[8.9mb]/[33.2mb]}{[old] [131mb]->[152.2mb]/[1.6gb]}
[2017-03-15T22:33:33,541][WARN ][o.e.m.j.JvmGcMonitorService] [-f2T_Zf] [gc][5890] overhead, spent [3.7s] collecting in the last [4.2s]
[2017-03-15T23:11:44,370][INFO ][o.e.c.m.MetaDataCreateIndexService] [-f2T_Zf] [bank] creating index, cause [auto(bulk api)], templates [], shards [5]/[1], mappings []
[2017-03-15T23:11:45,150][INFO ][o.e.c.m.MetaDataMappingService] [-f2T_Zf] [bank/Jkng0GYCRjyVrbl9SY1aSw] create_mapping [account]
[2017-03-15T23:17:39,216][INFO ][o.e.n.Node               ] [-f2T_Zf] stopping ...
[2017-03-15T23:17:39,855][INFO ][o.e.n.Node               ] [-f2T_Zf] stopped
[2017-03-15T23:17:39,855][INFO ][o.e.n.Node               ] [-f2T_Zf] closing ...
[2017-03-15T23:17:40,037][INFO ][o.e.n.Node               ] [-f2T_Zf] closed
