[2017-03-21T21:11:26,081][INFO ][o.e.n.Node               ] [] initializing ...
[2017-03-21T21:11:26,428][INFO ][o.e.e.NodeEnvironment    ] [-f2T_Zf] using [1] data paths, mounts [[/ (/dev/sda4)]], net usable_space [20.2gb], net total_space [52.3gb], spins? [possibly], types [ext4]
[2017-03-21T21:11:26,429][INFO ][o.e.e.NodeEnvironment    ] [-f2T_Zf] heap size [1.9gb], compressed ordinary object pointers [true]
[2017-03-21T21:11:27,388][INFO ][o.e.n.Node               ] node name [-f2T_Zf] derived from node ID [-f2T_ZfAQKSm8iOo5kl_jQ]; set [node.name] to override
[2017-03-21T21:11:27,393][INFO ][o.e.n.Node               ] version[5.2.2], pid[4043], build[f9d9b74/2017-02-24T17:26:45.835Z], OS[Linux/4.4.0-66-generic/amd64], JVM[Oracle Corporation/OpenJDK 64-Bit Server VM/1.8.0_121/25.121-b13]
[2017-03-21T21:11:28,451][INFO ][o.e.p.PluginsService     ] [-f2T_Zf] loaded module [aggs-matrix-stats]
[2017-03-21T21:11:28,451][INFO ][o.e.p.PluginsService     ] [-f2T_Zf] loaded module [ingest-common]
[2017-03-21T21:11:28,451][INFO ][o.e.p.PluginsService     ] [-f2T_Zf] loaded module [lang-expression]
[2017-03-21T21:11:28,451][INFO ][o.e.p.PluginsService     ] [-f2T_Zf] loaded module [lang-groovy]
[2017-03-21T21:11:28,451][INFO ][o.e.p.PluginsService     ] [-f2T_Zf] loaded module [lang-mustache]
[2017-03-21T21:11:28,452][INFO ][o.e.p.PluginsService     ] [-f2T_Zf] loaded module [lang-painless]
[2017-03-21T21:11:28,452][INFO ][o.e.p.PluginsService     ] [-f2T_Zf] loaded module [percolator]
[2017-03-21T21:11:28,452][INFO ][o.e.p.PluginsService     ] [-f2T_Zf] loaded module [reindex]
[2017-03-21T21:11:28,452][INFO ][o.e.p.PluginsService     ] [-f2T_Zf] loaded module [transport-netty3]
[2017-03-21T21:11:28,452][INFO ][o.e.p.PluginsService     ] [-f2T_Zf] loaded module [transport-netty4]
[2017-03-21T21:11:28,453][INFO ][o.e.p.PluginsService     ] [-f2T_Zf] no plugins loaded
[2017-03-21T21:11:31,230][INFO ][o.e.n.Node               ] initialized
[2017-03-21T21:11:31,230][INFO ][o.e.n.Node               ] [-f2T_Zf] starting ...
[2017-03-21T21:11:31,429][INFO ][o.e.t.TransportService   ] [-f2T_Zf] publish_address {127.0.0.1:9300}, bound_addresses {[::1]:9300}, {127.0.0.1:9300}
[2017-03-21T21:11:31,437][WARN ][o.e.b.BootstrapChecks    ] [-f2T_Zf] max virtual memory areas vm.max_map_count [65530] is too low, increase to at least [262144]
[2017-03-21T21:11:34,606][INFO ][o.e.c.s.ClusterService   ] [-f2T_Zf] new_master {-f2T_Zf}{-f2T_ZfAQKSm8iOo5kl_jQ}{kYeILZsFQHGEjR1hyx6ncw}{127.0.0.1}{127.0.0.1:9300}, reason: zen-disco-elected-as-master ([0] nodes joined)
[2017-03-21T21:11:34,641][INFO ][o.e.h.HttpServer         ] [-f2T_Zf] publish_address {127.0.0.1:9200}, bound_addresses {[::1]:9200}, {127.0.0.1:9200}
[2017-03-21T21:11:34,642][INFO ][o.e.n.Node               ] [-f2T_Zf] started
[2017-03-21T21:11:35,888][INFO ][o.e.g.GatewayService     ] [-f2T_Zf] recovered [7] indices into cluster_state
[2017-03-21T21:11:37,161][INFO ][o.e.c.r.a.AllocationService] [-f2T_Zf] Cluster health status changed from [RED] to [YELLOW] (reason: [shards started [[customer][0], [.kibana][0], [customer][2], [customer][3]] ...]).
[2017-03-21T21:57:11,913][WARN ][o.e.m.j.JvmGcMonitorService] [-f2T_Zf] [gc][young][2736][3] duration [4.5s], collections [1]/[4.7s], total [4.5s]/[4.6s], memory [308.2mb]->[100.7mb]/[1.9gb], all_pools {[young] [266.2mb]->[1.9mb]/[266.2mb]}{[survivor] [33.2mb]->[33.2mb]/[33.2mb]}{[old] [8.7mb]->[65.5mb]/[1.6gb]}
[2017-03-21T21:57:11,924][WARN ][o.e.m.j.JvmGcMonitorService] [-f2T_Zf] [gc][2736] overhead, spent [4.5s] collecting in the last [4.7s]
[2017-03-21T23:32:29,396][INFO ][o.e.n.Node               ] [-f2T_Zf] stopping ...
[2017-03-21T23:32:30,508][INFO ][o.e.n.Node               ] [-f2T_Zf] stopped
[2017-03-21T23:32:30,508][INFO ][o.e.n.Node               ] [-f2T_Zf] closing ...
[2017-03-21T23:32:30,867][INFO ][o.e.n.Node               ] [-f2T_Zf] closed
