[2017-03-20T20:03:42,245][INFO ][o.e.n.Node               ] [] initializing ...
[2017-03-20T20:03:42,866][INFO ][o.e.e.NodeEnvironment    ] [-f2T_Zf] using [1] data paths, mounts [[/ (/dev/sda4)]], net usable_space [20.2gb], net total_space [52.3gb], spins? [possibly], types [ext4]
[2017-03-20T20:03:42,866][INFO ][o.e.e.NodeEnvironment    ] [-f2T_Zf] heap size [1.9gb], compressed ordinary object pointers [true]
[2017-03-20T20:03:45,313][INFO ][o.e.n.Node               ] node name [-f2T_Zf] derived from node ID [-f2T_ZfAQKSm8iOo5kl_jQ]; set [node.name] to override
[2017-03-20T20:03:45,317][INFO ][o.e.n.Node               ] version[5.2.2], pid[3814], build[f9d9b74/2017-02-24T17:26:45.835Z], OS[Linux/4.4.0-66-generic/amd64], JVM[Oracle Corporation/OpenJDK 64-Bit Server VM/1.8.0_121/25.121-b13]
[2017-03-20T20:03:46,575][INFO ][o.e.p.PluginsService     ] [-f2T_Zf] loaded module [aggs-matrix-stats]
[2017-03-20T20:03:46,575][INFO ][o.e.p.PluginsService     ] [-f2T_Zf] loaded module [ingest-common]
[2017-03-20T20:03:46,575][INFO ][o.e.p.PluginsService     ] [-f2T_Zf] loaded module [lang-expression]
[2017-03-20T20:03:46,576][INFO ][o.e.p.PluginsService     ] [-f2T_Zf] loaded module [lang-groovy]
[2017-03-20T20:03:46,576][INFO ][o.e.p.PluginsService     ] [-f2T_Zf] loaded module [lang-mustache]
[2017-03-20T20:03:46,576][INFO ][o.e.p.PluginsService     ] [-f2T_Zf] loaded module [lang-painless]
[2017-03-20T20:03:46,576][INFO ][o.e.p.PluginsService     ] [-f2T_Zf] loaded module [percolator]
[2017-03-20T20:03:46,576][INFO ][o.e.p.PluginsService     ] [-f2T_Zf] loaded module [reindex]
[2017-03-20T20:03:46,576][INFO ][o.e.p.PluginsService     ] [-f2T_Zf] loaded module [transport-netty3]
[2017-03-20T20:03:46,576][INFO ][o.e.p.PluginsService     ] [-f2T_Zf] loaded module [transport-netty4]
[2017-03-20T20:03:46,577][INFO ][o.e.p.PluginsService     ] [-f2T_Zf] no plugins loaded
[2017-03-20T20:03:50,271][INFO ][o.e.n.Node               ] initialized
[2017-03-20T20:03:50,272][INFO ][o.e.n.Node               ] [-f2T_Zf] starting ...
[2017-03-20T20:03:50,453][INFO ][o.e.t.TransportService   ] [-f2T_Zf] publish_address {127.0.0.1:9300}, bound_addresses {[::1]:9300}, {127.0.0.1:9300}
[2017-03-20T20:03:50,464][WARN ][o.e.b.BootstrapChecks    ] [-f2T_Zf] max virtual memory areas vm.max_map_count [65530] is too low, increase to at least [262144]
[2017-03-20T20:03:53,619][INFO ][o.e.c.s.ClusterService   ] [-f2T_Zf] new_master {-f2T_Zf}{-f2T_ZfAQKSm8iOo5kl_jQ}{cZFbf_mPR_-bAKwDmYYXkw}{127.0.0.1}{127.0.0.1:9300}, reason: zen-disco-elected-as-master ([0] nodes joined)
[2017-03-20T20:03:53,645][INFO ][o.e.h.HttpServer         ] [-f2T_Zf] publish_address {127.0.0.1:9200}, bound_addresses {[::1]:9200}, {127.0.0.1:9200}
[2017-03-20T20:03:53,645][INFO ][o.e.n.Node               ] [-f2T_Zf] started
[2017-03-20T20:03:54,551][INFO ][o.e.g.GatewayService     ] [-f2T_Zf] recovered [7] indices into cluster_state
[2017-03-20T20:03:56,334][INFO ][o.e.c.r.a.AllocationService] [-f2T_Zf] Cluster health status changed from [RED] to [YELLOW] (reason: [shards started [[customer][0], [.kibana][0], [customer][1], [customer][4]] ...]).
[2017-03-20T20:45:27,247][WARN ][o.e.m.j.JvmGcMonitorService] [-f2T_Zf] [gc][young][2492][3] duration [3.8s], collections [1]/[4.7s], total [3.8s]/[3.9s], memory [294mb]->[97.7mb]/[1.9gb], all_pools {[young] [252mb]->[16.6mb]/[266.2mb]}{[survivor] [33.2mb]->[32.6mb]/[33.2mb]}{[old] [8.7mb]->[49.1mb]/[1.6gb]}
[2017-03-20T20:45:27,272][WARN ][o.e.m.j.JvmGcMonitorService] [-f2T_Zf] [gc][2492] overhead, spent [3.8s] collecting in the last [4.7s]
[2017-03-20T20:45:27,296][DEBUG][o.e.a.a.i.m.p.TransportPutMappingAction] [-f2T_Zf] failed to put mappings on indices [[[megacorp/HR9BpiA4T2Gi7h3qgPFJBQ]]], type [employee]
org.elasticsearch.common.compress.NotXContentException: Compressor detection can only be called on some xcontent bytes or compressed xcontent bytes
	at org.elasticsearch.common.compress.CompressorFactory.compressor(CompressorFactory.java:57) ~[elasticsearch-5.2.2.jar:5.2.2]
	at org.elasticsearch.common.compress.CompressedXContent.<init>(CompressedXContent.java:101) ~[elasticsearch-5.2.2.jar:5.2.2]
	at org.elasticsearch.common.compress.CompressedXContent.<init>(CompressedXContent.java:127) ~[elasticsearch-5.2.2.jar:5.2.2]
	at org.elasticsearch.cluster.metadata.MetaDataMappingService$PutMappingExecutor.applyRequest(MetaDataMappingService.java:245) ~[elasticsearch-5.2.2.jar:5.2.2]
	at org.elasticsearch.cluster.metadata.MetaDataMappingService$PutMappingExecutor.execute(MetaDataMappingService.java:230) ~[elasticsearch-5.2.2.jar:5.2.2]
	at org.elasticsearch.cluster.service.ClusterService.executeTasks(ClusterService.java:674) ~[elasticsearch-5.2.2.jar:5.2.2]
	at org.elasticsearch.cluster.service.ClusterService.calculateTaskOutputs(ClusterService.java:653) ~[elasticsearch-5.2.2.jar:5.2.2]
	at org.elasticsearch.cluster.service.ClusterService.runTasks(ClusterService.java:612) [elasticsearch-5.2.2.jar:5.2.2]
	at org.elasticsearch.cluster.service.ClusterService$UpdateTask.run(ClusterService.java:1112) [elasticsearch-5.2.2.jar:5.2.2]
	at org.elasticsearch.common.util.concurrent.ThreadContext$ContextPreservingRunnable.run(ThreadContext.java:527) [elasticsearch-5.2.2.jar:5.2.2]
	at org.elasticsearch.common.util.concurrent.PrioritizedEsThreadPoolExecutor$TieBreakingPrioritizedRunnable.runAndClean(PrioritizedEsThreadPoolExecutor.java:238) [elasticsearch-5.2.2.jar:5.2.2]
	at org.elasticsearch.common.util.concurrent.PrioritizedEsThreadPoolExecutor$TieBreakingPrioritizedRunnable.run(PrioritizedEsThreadPoolExecutor.java:201) [elasticsearch-5.2.2.jar:5.2.2]
	at java.util.concurrent.ThreadPoolExecutor.runWorker(ThreadPoolExecutor.java:1142) [?:1.8.0_121]
	at java.util.concurrent.ThreadPoolExecutor$Worker.run(ThreadPoolExecutor.java:617) [?:1.8.0_121]
	at java.lang.Thread.run(Thread.java:745) [?:1.8.0_121]
[2017-03-20T20:45:27,306][WARN ][r.suppressed             ] path: /megacorp/_mapping/employee, params: {index=megacorp, type=employee}
org.elasticsearch.common.compress.NotXContentException: Compressor detection can only be called on some xcontent bytes or compressed xcontent bytes
	at org.elasticsearch.common.compress.CompressorFactory.compressor(CompressorFactory.java:57) ~[elasticsearch-5.2.2.jar:5.2.2]
	at org.elasticsearch.common.compress.CompressedXContent.<init>(CompressedXContent.java:101) ~[elasticsearch-5.2.2.jar:5.2.2]
	at org.elasticsearch.common.compress.CompressedXContent.<init>(CompressedXContent.java:127) ~[elasticsearch-5.2.2.jar:5.2.2]
	at org.elasticsearch.cluster.metadata.MetaDataMappingService$PutMappingExecutor.applyRequest(MetaDataMappingService.java:245) ~[elasticsearch-5.2.2.jar:5.2.2]
	at org.elasticsearch.cluster.metadata.MetaDataMappingService$PutMappingExecutor.execute(MetaDataMappingService.java:230) ~[elasticsearch-5.2.2.jar:5.2.2]
	at org.elasticsearch.cluster.service.ClusterService.executeTasks(ClusterService.java:674) ~[elasticsearch-5.2.2.jar:5.2.2]
	at org.elasticsearch.cluster.service.ClusterService.calculateTaskOutputs(ClusterService.java:653) ~[elasticsearch-5.2.2.jar:5.2.2]
	at org.elasticsearch.cluster.service.ClusterService.runTasks(ClusterService.java:612) [elasticsearch-5.2.2.jar:5.2.2]
	at org.elasticsearch.cluster.service.ClusterService$UpdateTask.run(ClusterService.java:1112) [elasticsearch-5.2.2.jar:5.2.2]
	at org.elasticsearch.common.util.concurrent.ThreadContext$ContextPreservingRunnable.run(ThreadContext.java:527) [elasticsearch-5.2.2.jar:5.2.2]
	at org.elasticsearch.common.util.concurrent.PrioritizedEsThreadPoolExecutor$TieBreakingPrioritizedRunnable.runAndClean(PrioritizedEsThreadPoolExecutor.java:238) [elasticsearch-5.2.2.jar:5.2.2]
	at org.elasticsearch.common.util.concurrent.PrioritizedEsThreadPoolExecutor$TieBreakingPrioritizedRunnable.run(PrioritizedEsThreadPoolExecutor.java:201) [elasticsearch-5.2.2.jar:5.2.2]
	at java.util.concurrent.ThreadPoolExecutor.runWorker(ThreadPoolExecutor.java:1142) [?:1.8.0_121]
	at java.util.concurrent.ThreadPoolExecutor$Worker.run(ThreadPoolExecutor.java:617) [?:1.8.0_121]
	at java.lang.Thread.run(Thread.java:745) [?:1.8.0_121]
[2017-03-20T21:33:04,326][INFO ][o.e.c.m.MetaDataDeleteIndexService] [-f2T_Zf] [gb/KRMr-VDrSvmLmpxtKMgyIw] deleting index
[2017-03-20T21:34:13,107][INFO ][o.e.c.m.MetaDataCreateIndexService] [-f2T_Zf] [gb] creating index, cause [api], templates [], shards [5]/[1], mappings [tweet]
[2017-03-20T21:34:47,655][INFO ][o.e.c.m.MetaDataMappingService] [-f2T_Zf] [gb/Azu0WAt_TRy4YoMKVhLyiA] update_mapping [tweet]
[2017-03-20T21:35:53,790][DEBUG][o.e.a.a.i.a.TransportAnalyzeAction] [-f2T_Zf] null: failed to execute [org.elasticsearch.action.admin.indices.analyze.AnalyzeRequest@6f1b3929]
org.elasticsearch.transport.RemoteTransportException: [-f2T_Zf][127.0.0.1:9300][indices:admin/analyze[s]]
Caused by: java.lang.IllegalArgumentException: Can't process field [tag], Analysis requests are only supported on tokenized fields
	at org.elasticsearch.action.admin.indices.analyze.TransportAnalyzeAction.shardOperation(TransportAnalyzeAction.java:134) ~[elasticsearch-5.2.2.jar:5.2.2]
	at org.elasticsearch.action.admin.indices.analyze.TransportAnalyzeAction.shardOperation(TransportAnalyzeAction.java:75) ~[elasticsearch-5.2.2.jar:5.2.2]
	at org.elasticsearch.action.support.single.shard.TransportSingleShardAction$ShardTransportHandler.messageReceived(TransportSingleShardAction.java:294) ~[elasticsearch-5.2.2.jar:5.2.2]
	at org.elasticsearch.action.support.single.shard.TransportSingleShardAction$ShardTransportHandler.messageReceived(TransportSingleShardAction.java:287) ~[elasticsearch-5.2.2.jar:5.2.2]
	at org.elasticsearch.transport.TransportRequestHandler.messageReceived(TransportRequestHandler.java:33) ~[elasticsearch-5.2.2.jar:5.2.2]
	at org.elasticsearch.transport.RequestHandlerRegistry.processMessageReceived(RequestHandlerRegistry.java:69) ~[elasticsearch-5.2.2.jar:5.2.2]
	at org.elasticsearch.transport.TransportService$7.doRun(TransportService.java:610) [elasticsearch-5.2.2.jar:5.2.2]
	at org.elasticsearch.common.util.concurrent.ThreadContext$ContextPreservingAbstractRunnable.doRun(ThreadContext.java:596) [elasticsearch-5.2.2.jar:5.2.2]
	at org.elasticsearch.common.util.concurrent.AbstractRunnable.run(AbstractRunnable.java:37) [elasticsearch-5.2.2.jar:5.2.2]
	at java.util.concurrent.ThreadPoolExecutor.runWorker(ThreadPoolExecutor.java:1142) [?:1.8.0_121]
	at java.util.concurrent.ThreadPoolExecutor$Worker.run(ThreadPoolExecutor.java:617) [?:1.8.0_121]
	at java.lang.Thread.run(Thread.java:745) [?:1.8.0_121]
[2017-03-20T21:36:13,857][DEBUG][o.e.a.a.i.a.TransportAnalyzeAction] [-f2T_Zf] null: failed to execute [org.elasticsearch.action.admin.indices.analyze.AnalyzeRequest@28b15bc8]
org.elasticsearch.transport.RemoteTransportException: [-f2T_Zf][127.0.0.1:9300][indices:admin/analyze[s]]
Caused by: java.lang.IllegalArgumentException: Can't process field [tag], Analysis requests are only supported on tokenized fields
	at org.elasticsearch.action.admin.indices.analyze.TransportAnalyzeAction.shardOperation(TransportAnalyzeAction.java:134) ~[elasticsearch-5.2.2.jar:5.2.2]
	at org.elasticsearch.action.admin.indices.analyze.TransportAnalyzeAction.shardOperation(TransportAnalyzeAction.java:75) ~[elasticsearch-5.2.2.jar:5.2.2]
	at org.elasticsearch.action.support.single.shard.TransportSingleShardAction$ShardTransportHandler.messageReceived(TransportSingleShardAction.java:294) ~[elasticsearch-5.2.2.jar:5.2.2]
	at org.elasticsearch.action.support.single.shard.TransportSingleShardAction$ShardTransportHandler.messageReceived(TransportSingleShardAction.java:287) ~[elasticsearch-5.2.2.jar:5.2.2]
	at org.elasticsearch.transport.TransportRequestHandler.messageReceived(TransportRequestHandler.java:33) ~[elasticsearch-5.2.2.jar:5.2.2]
	at org.elasticsearch.transport.RequestHandlerRegistry.processMessageReceived(RequestHandlerRegistry.java:69) ~[elasticsearch-5.2.2.jar:5.2.2]
	at org.elasticsearch.transport.TransportService$7.doRun(TransportService.java:610) [elasticsearch-5.2.2.jar:5.2.2]
	at org.elasticsearch.common.util.concurrent.ThreadContext$ContextPreservingAbstractRunnable.doRun(ThreadContext.java:596) [elasticsearch-5.2.2.jar:5.2.2]
	at org.elasticsearch.common.util.concurrent.AbstractRunnable.run(AbstractRunnable.java:37) [elasticsearch-5.2.2.jar:5.2.2]
	at java.util.concurrent.ThreadPoolExecutor.runWorker(ThreadPoolExecutor.java:1142) [?:1.8.0_121]
	at java.util.concurrent.ThreadPoolExecutor$Worker.run(ThreadPoolExecutor.java:617) [?:1.8.0_121]
	at java.lang.Thread.run(Thread.java:745) [?:1.8.0_121]
[2017-03-20T22:12:11,167][WARN ][o.e.m.j.JvmGcMonitorService] [-f2T_Zf] [gc][young][7683][4] duration [10.9s], collections [1]/[11.9s], total [10.9s]/[14.8s], memory [348mb]->[150.5mb]/[1.9gb], all_pools {[young] [266.2mb]->[5mb]/[266.2mb]}{[survivor] [32.6mb]->[24.1mb]/[33.2mb]}{[old] [49.1mb]->[121.3mb]/[1.6gb]}
[2017-03-20T22:12:11,253][WARN ][o.e.m.j.JvmGcMonitorService] [-f2T_Zf] [gc][7683] overhead, spent [10.9s] collecting in the last [11.9s]
[2017-03-20T23:52:03,692][INFO ][o.e.n.Node               ] [-f2T_Zf] stopping ...
[2017-03-20T23:52:05,256][INFO ][o.e.n.Node               ] [-f2T_Zf] stopped
[2017-03-20T23:52:05,256][INFO ][o.e.n.Node               ] [-f2T_Zf] closing ...
[2017-03-20T23:52:05,688][INFO ][o.e.n.Node               ] [-f2T_Zf] closed
